<?xml version="1.0" encoding="utf-8" standalone="no"?>
<test-run id="2" testcasecount="470" result="Passed" total="470" passed="470" failed="0" inconclusive="0" skipped="0" asserts="793" engine-version="3.0.5813.39036" clr-version="4.0.30319.42000" start-time="2016-01-14 18:05:03Z" end-time="2016-01-14 18:07:18Z" duration="134.978101">
  <command-line><![CDATA["E:/Code/Wyam/tools/NUnit.Console/tools/nunit3-console.exe" "E:/Code/Wyam/src/Wyam.Common.Tests/bin/Release/Wyam.Common.Tests.dll" "E:/Code/Wyam/src/Wyam.Core.Tests/bin/Release/Wyam.Core.Tests.dll" "E:/Code/Wyam/src/Wyam.Examples.Tests/bin/Release/Wyam.Examples.Tests.dll" "E:/Code/Wyam/src/Wyam.Modules.CodeAnalysis.Tests/bin/Release/Wyam.Modules.CodeAnalysis.Tests.dll" "E:/Code/Wyam/src/Wyam.Modules.Git.Tests/bin/Release/Wyam.Modules.Git.Tests.dll" "E:/Code/Wyam/src/Wyam.Modules.Html.Tests/bin/Release/Wyam.Modules.Html.Tests.dll" "E:/Code/Wyam/src/Wyam.Modules.Json.Tests/bin/Release/Wyam.Modules.Json.Tests.dll" "E:/Code/Wyam/src/Wyam.Modules.Markdown.Tests/bin/Release/Wyam.Modules.Markdown.Tests.dll" "E:/Code/Wyam/src/Wyam.Modules.Razor.Tests/bin/Release/Wyam.Modules.Razor.Tests.dll" "E:/Code/Wyam/src/Wyam.Modules.Tables.Tests/bin/Release/Wyam.Modules.Tables.Tests.dll" "E:/Code/Wyam/src/Wyam.Modules.TextGeneration.Tests/bin/Release/Wyam.Modules.TextGeneration.Tests.dll" "E:/Code/Wyam/src/Wyam.Modules.Xmp.Tests/bin/Release/Wyam.Modules.Xmp.Tests.dll" "E:/Code/Wyam/src/Wyam.Modules.Yaml.Tests/bin/Release/Wyam.Modules.Yaml.Tests.dll"]]></command-line>
  <test-suite type="Assembly" id="1-1015" name="Wyam.Common.Tests.dll" fullname="E:\Code\Wyam\src\Wyam.Common.Tests\bin\Release\Wyam.Common.Tests.dll" runstate="Runnable" testcasecount="11" result="Passed" start-time="2016-01-14 18:05:03Z" end-time="2016-01-14 18:05:06Z" duration="2.904718" total="11" passed="11" failed="0" inconclusive="0" skipped="0" asserts="23">
    <environment framework-version="3.0.5813.39031" clr-version="4.0.30319.42000" os-version="Microsoft Windows NT 6.1.7601 Service Pack 1" platform="Win32NT" cwd="E:\Code\Wyam" machine-name="SIPCXLT42" user="dglick" user-domain="SIPC" culture="en-US" uiculture="en-US" os-architecture="x64" />
    <settings>
      <setting name="WorkDirectory" value="E:\Code\Wyam" />
      <setting name="RuntimeFramework" value="net-4.0" />
      <setting name="NumberOfTestWorkers" value="4" />
    </settings>
    <properties>
      <property name="_PID" value="17212" />
      <property name="_APPDOMAIN" value="test-domain-Wyam.Common.Tests.dll" />
    </properties>
    <test-suite type="TestSuite" id="1-1016" name="Wyam" fullname="Wyam" runstate="Runnable" testcasecount="11" result="Passed" start-time="2016-01-14 18:05:03Z" end-time="2016-01-14 18:05:06Z" duration="2.862719" total="11" passed="11" failed="0" inconclusive="0" skipped="0" asserts="23">
      <test-suite type="TestSuite" id="1-1017" name="Common" fullname="Wyam.Common" runstate="Runnable" testcasecount="11" result="Passed" start-time="2016-01-14 18:05:03Z" end-time="2016-01-14 18:05:06Z" duration="2.829153" total="11" passed="11" failed="0" inconclusive="0" skipped="0" asserts="23">
        <test-suite type="TestSuite" id="1-1018" name="Tests" fullname="Wyam.Common.Tests" runstate="Runnable" testcasecount="11" result="Passed" start-time="2016-01-14 18:05:03Z" end-time="2016-01-14 18:05:06Z" duration="2.828445" total="11" passed="11" failed="0" inconclusive="0" skipped="0" asserts="23">
          <test-suite type="TestFixture" id="1-1004" name="PathHelperFixture" fullname="Wyam.Common.Tests.PathHelperFixture" classname="Wyam.Common.Tests.PathHelperFixture" runstate="Runnable" testcasecount="8" result="Passed" start-time="2016-01-14 18:05:03Z" end-time="2016-01-14 18:05:04Z" duration="0.279830" total="8" passed="8" failed="0" inconclusive="0" skipped="0" asserts="8">
            <properties>
              <property name="ParallelScope" value="Self, Children" />
            </properties>
            <test-suite type="ParameterizedMethod" id="1-1014" name="GetCombinedFullPath" fullname="Wyam.Common.Tests.PathHelperFixture.GetCombinedFullPath" runstate="Runnable" testcasecount="4" result="Passed" start-time="2016-01-14 18:05:03Z" end-time="2016-01-14 18:05:04Z" duration="0.219504" total="4" passed="4" failed="0" inconclusive="0" skipped="0" asserts="4">
              <test-case id="1-1010" name="GetCombinedFullPath(&quot;C:\\A\\B\\&quot;,&quot;..\\*.txt&quot;,&quot;C:\\A\\*.txt&quot;)" fullname="Wyam.Common.Tests.PathHelperFixture.GetCombinedFullPath(&quot;C:\\A\\B\\&quot;,&quot;..\\*.txt&quot;,&quot;C:\\A\\*.txt&quot;)" methodname="GetCombinedFullPath" classname="Wyam.Common.Tests.PathHelperFixture" runstate="Runnable" seed="1460656856" result="Passed" start-time="2016-01-14 18:05:03Z" end-time="2016-01-14 18:05:03Z" duration="0.077059" asserts="1" />
              <test-case id="1-1011" name="GetCombinedFullPath(&quot;C:\\A\\B\\&quot;,&quot;.\\*.txt&quot;,&quot;C:\\A\\B\\*.txt&quot;)" fullname="Wyam.Common.Tests.PathHelperFixture.GetCombinedFullPath(&quot;C:\\A\\B\\&quot;,&quot;.\\*.txt&quot;,&quot;C:\\A\\B\\*.txt&quot;)" methodname="GetCombinedFullPath" classname="Wyam.Common.Tests.PathHelperFixture" runstate="Runnable" seed="1553621128" result="Passed" start-time="2016-01-14 18:05:04Z" end-time="2016-01-14 18:05:04Z" duration="0.000144" asserts="1" />
              <test-case id="1-1012" name="GetCombinedFullPath(&quot;C:\\A\\B\\&quot;,&quot;*.*&quot;,&quot;C:\\A\\B\\*.*&quot;)" fullname="Wyam.Common.Tests.PathHelperFixture.GetCombinedFullPath(&quot;C:\\A\\B\\&quot;,&quot;*.*&quot;,&quot;C:\\A\\B\\*.*&quot;)" methodname="GetCombinedFullPath" classname="Wyam.Common.Tests.PathHelperFixture" runstate="Runnable" seed="1896201078" result="Passed" start-time="2016-01-14 18:05:04Z" end-time="2016-01-14 18:05:04Z" duration="0.000079" asserts="1" />
              <test-case id="1-1013" name="GetCombinedFullPath(&quot;C:\\A\\B\\&quot;,&quot;..\\..\\*.txt&quot;,&quot;C:\\*.txt&quot;)" fullname="Wyam.Common.Tests.PathHelperFixture.GetCombinedFullPath(&quot;C:\\A\\B\\&quot;,&quot;..\\..\\*.txt&quot;,&quot;C:\\*.txt&quot;)" methodname="GetCombinedFullPath" classname="Wyam.Common.Tests.PathHelperFixture" runstate="Runnable" seed="1355097167" result="Passed" start-time="2016-01-14 18:05:04Z" end-time="2016-01-14 18:05:04Z" duration="0.000090" asserts="1" />
            </test-suite>
            <test-suite type="ParameterizedMethod" id="1-1009" name="GetRelativePathReturnsCorrectPath" fullname="Wyam.Common.Tests.PathHelperFixture.GetRelativePathReturnsCorrectPath" runstate="Runnable" testcasecount="4" result="Passed" start-time="2016-01-14 18:05:04Z" end-time="2016-01-14 18:05:04Z" duration="0.002879" total="4" passed="4" failed="0" inconclusive="0" skipped="0" asserts="4">
              <test-case id="1-1005" name="GetRelativePathReturnsCorrectPath(&quot;C:\\A\\B\\&quot;,&quot;C:\\A\\B\\&quot;,&quot;&quot;)" fullname="Wyam.Common.Tests.PathHelperFixture.GetRelativePathReturnsCorrectPath(&quot;C:\\A\\B\\&quot;,&quot;C:\\A\\B\\&quot;,&quot;&quot;)" methodname="GetRelativePathReturnsCorrectPath" classname="Wyam.Common.Tests.PathHelperFixture" runstate="Runnable" seed="458445963" result="Passed" start-time="2016-01-14 18:05:04Z" end-time="2016-01-14 18:05:04Z" duration="0.002259" asserts="1" />
              <test-case id="1-1006" name="GetRelativePathReturnsCorrectPath(&quot;C:\\A\\B\\&quot;,&quot;C:\\A\\B\\C&quot;,&quot;C&quot;)" fullname="Wyam.Common.Tests.PathHelperFixture.GetRelativePathReturnsCorrectPath(&quot;C:\\A\\B\\&quot;,&quot;C:\\A\\B\\C&quot;,&quot;C&quot;)" methodname="GetRelativePathReturnsCorrectPath" classname="Wyam.Common.Tests.PathHelperFixture" runstate="Runnable" seed="2113917196" result="Passed" start-time="2016-01-14 18:05:04Z" end-time="2016-01-14 18:05:04Z" duration="0.000075" asserts="1" />
              <test-case id="1-1007" name="GetRelativePathReturnsCorrectPath(&quot;\\A\\B\\&quot;,&quot;\\A\\B\\C&quot;,&quot;C&quot;)" fullname="Wyam.Common.Tests.PathHelperFixture.GetRelativePathReturnsCorrectPath(&quot;\\A\\B\\&quot;,&quot;\\A\\B\\C&quot;,&quot;C&quot;)" methodname="GetRelativePathReturnsCorrectPath" classname="Wyam.Common.Tests.PathHelperFixture" runstate="Runnable" seed="994105559" result="Passed" start-time="2016-01-14 18:05:04Z" end-time="2016-01-14 18:05:04Z" duration="0.000052" asserts="1" />
              <test-case id="1-1008" name="GetRelativePathReturnsCorrectPath(&quot;A\\B\\&quot;,&quot;A\\B\\C&quot;,&quot;C&quot;)" fullname="Wyam.Common.Tests.PathHelperFixture.GetRelativePathReturnsCorrectPath(&quot;A\\B\\&quot;,&quot;A\\B\\C&quot;,&quot;C&quot;)" methodname="GetRelativePathReturnsCorrectPath" classname="Wyam.Common.Tests.PathHelperFixture" runstate="Runnable" seed="813987263" result="Passed" start-time="2016-01-14 18:05:04Z" end-time="2016-01-14 18:05:04Z" duration="0.000044" asserts="1" />
            </test-suite>
          </test-suite>
          <test-suite type="TestFixture" id="1-1000" name="DocumentCollectionExtensionsFixture" fullname="Wyam.Common.Tests.DocumentCollectionExtensionsFixture" classname="Wyam.Common.Tests.DocumentCollectionExtensionsFixture" runstate="Runnable" testcasecount="3" result="Passed" start-time="2016-01-14 18:05:03Z" end-time="2016-01-14 18:05:06Z" duration="2.676213" total="3" passed="3" failed="0" inconclusive="0" skipped="0" asserts="15">
            <properties>
              <property name="ParallelScope" value="Self, Children" />
            </properties>
            <test-case id="1-1001" name="ToLookupOfIntReturnsCorrectLookup" fullname="Wyam.Common.Tests.DocumentCollectionExtensionsFixture.ToLookupOfIntReturnsCorrectLookup" methodname="ToLookupOfIntReturnsCorrectLookup" classname="Wyam.Common.Tests.DocumentCollectionExtensionsFixture" runstate="Runnable" seed="798259755" result="Passed" start-time="2016-01-14 18:05:03Z" end-time="2016-01-14 18:05:06Z" duration="2.221803" asserts="5" />
            <test-case id="1-1002" name="ToLookupOfStringReturnsCorrectLookup" fullname="Wyam.Common.Tests.DocumentCollectionExtensionsFixture.ToLookupOfStringReturnsCorrectLookup" methodname="ToLookupOfStringReturnsCorrectLookup" classname="Wyam.Common.Tests.DocumentCollectionExtensionsFixture" runstate="Runnable" seed="1630670862" result="Passed" start-time="2016-01-14 18:05:06Z" end-time="2016-01-14 18:05:06Z" duration="0.097529" asserts="5" />
            <test-case id="1-1003" name="ToLookupWithValuesReturnsCorrectLookup" fullname="Wyam.Common.Tests.DocumentCollectionExtensionsFixture.ToLookupWithValuesReturnsCorrectLookup" methodname="ToLookupWithValuesReturnsCorrectLookup" classname="Wyam.Common.Tests.DocumentCollectionExtensionsFixture" runstate="Runnable" seed="993609143" result="Passed" start-time="2016-01-14 18:05:06Z" end-time="2016-01-14 18:05:06Z" duration="0.063499" asserts="5" />
          </test-suite>
        </test-suite>
      </test-suite>
    </test-suite>
  </test-suite>
  <test-suite type="Assembly" id="2-1299" name="Wyam.Core.Tests.dll" fullname="E:\Code\Wyam\src\Wyam.Core.Tests\bin\Release\Wyam.Core.Tests.dll" runstate="Runnable" testcasecount="263" result="Passed" start-time="2016-01-14 18:05:03Z" end-time="2016-01-14 18:05:54Z" duration="51.370806" total="263" passed="263" failed="0" inconclusive="0" skipped="0" asserts="549">
    <environment framework-version="3.0.5813.39031" clr-version="4.0.30319.42000" os-version="Microsoft Windows NT 6.1.7601 Service Pack 1" platform="Win32NT" cwd="E:\Code\Wyam" machine-name="SIPCXLT42" user="dglick" user-domain="SIPC" culture="en-US" uiculture="en-US" os-architecture="x64" />
    <settings>
      <setting name="WorkDirectory" value="E:\Code\Wyam" />
      <setting name="RuntimeFramework" value="net-4.0" />
      <setting name="NumberOfTestWorkers" value="4" />
    </settings>
    <properties>
      <property name="_PID" value="3484" />
      <property name="_APPDOMAIN" value="test-domain-Wyam.Core.Tests.dll" />
    </properties>
    <test-suite type="TestSuite" id="2-1300" name="Wyam" fullname="Wyam" runstate="Runnable" testcasecount="263" result="Passed" start-time="2016-01-14 18:05:03Z" end-time="2016-01-14 18:05:54Z" duration="51.307856" total="263" passed="263" failed="0" inconclusive="0" skipped="0" asserts="549">
      <test-suite type="TestSuite" id="2-1301" name="Core" fullname="Wyam.Core" runstate="Runnable" testcasecount="263" result="Passed" start-time="2016-01-14 18:05:03Z" end-time="2016-01-14 18:05:54Z" duration="51.306881" total="263" passed="263" failed="0" inconclusive="0" skipped="0" asserts="549">
        <test-suite type="TestSuite" id="2-1302" name="Tests" fullname="Wyam.Core.Tests" runstate="Runnable" testcasecount="263" result="Passed" start-time="2016-01-14 18:05:03Z" end-time="2016-01-14 18:05:54Z" duration="51.306792" total="263" passed="263" failed="0" inconclusive="0" skipped="0" asserts="549">
          <test-suite type="TestSuite" id="2-1312" name="Documents" fullname="Wyam.Core.Tests.Documents" runstate="Runnable" testcasecount="53" result="Passed" start-time="2016-01-14 18:05:03Z" end-time="2016-01-14 18:05:20Z" duration="16.572829" total="53" passed="53" failed="0" inconclusive="0" skipped="0" asserts="70">
            <test-suite type="TestFixture" id="2-1242" name="DocumentFixture" fullname="Wyam.Core.Tests.Documents.DocumentFixture" classname="Wyam.Core.Tests.Documents.DocumentFixture" runstate="Runnable" testcasecount="1" result="Passed" start-time="2016-01-14 18:05:14Z" end-time="2016-01-14 18:05:14Z" duration="0.288992" total="1" passed="1" failed="0" inconclusive="0" skipped="0" asserts="2">
              <properties>
                <property name="ParallelScope" value="Self, Children" />
              </properties>
              <test-case id="2-1243" name="StreamIsDisposedCorrectlyAfterClone" fullname="Wyam.Core.Tests.Documents.DocumentFixture.StreamIsDisposedCorrectlyAfterClone" methodname="StreamIsDisposedCorrectlyAfterClone" classname="Wyam.Core.Tests.Documents.DocumentFixture" runstate="Runnable" seed="1629648209" result="Passed" start-time="2016-01-14 18:05:14Z" end-time="2016-01-14 18:05:14Z" duration="0.212232" asserts="2" />
            </test-suite>
            <test-suite type="TestFixture" id="2-1244" name="MetadataAsFixture" fullname="Wyam.Core.Tests.Documents.MetadataAsFixture" classname="Wyam.Core.Tests.Documents.MetadataAsFixture" runstate="Runnable" testcasecount="7" result="Passed" start-time="2016-01-14 18:05:14Z" end-time="2016-01-14 18:05:15Z" duration="0.998168" total="7" passed="7" failed="0" inconclusive="0" skipped="0" asserts="14">
              <properties>
                <property name="ParallelScope" value="Self, Children" />
              </properties>
              <test-case id="2-1247" name="ConvertIntArrayToStringArray" fullname="Wyam.Core.Tests.Documents.MetadataAsFixture.ConvertIntArrayToStringArray" methodname="ConvertIntArrayToStringArray" classname="Wyam.Core.Tests.Documents.MetadataAsFixture" runstate="Runnable" seed="1639989681" result="Passed" start-time="2016-01-14 18:05:14Z" end-time="2016-01-14 18:05:14Z" duration="0.279321" asserts="2" />
              <test-case id="2-1249" name="ConvertIntArrayToStringEnumerable" fullname="Wyam.Core.Tests.Documents.MetadataAsFixture.ConvertIntArrayToStringEnumerable" methodname="ConvertIntArrayToStringEnumerable" classname="Wyam.Core.Tests.Documents.MetadataAsFixture" runstate="Runnable" seed="496409595" result="Passed" start-time="2016-01-14 18:05:14Z" end-time="2016-01-14 18:05:14Z" duration="0.115389" asserts="2" />
              <test-case id="2-1245" name="ConvertIntToString" fullname="Wyam.Core.Tests.Documents.MetadataAsFixture.ConvertIntToString" methodname="ConvertIntToString" classname="Wyam.Core.Tests.Documents.MetadataAsFixture" runstate="Runnable" seed="1013145893" result="Passed" start-time="2016-01-14 18:05:14Z" end-time="2016-01-14 18:05:14Z" duration="0.001420" asserts="2" />
              <test-case id="2-1248" name="ConvertStringArrayToIntArray" fullname="Wyam.Core.Tests.Documents.MetadataAsFixture.ConvertStringArrayToIntArray" methodname="ConvertStringArrayToIntArray" classname="Wyam.Core.Tests.Documents.MetadataAsFixture" runstate="Runnable" seed="1171119068" result="Passed" start-time="2016-01-14 18:05:14Z" end-time="2016-01-14 18:05:14Z" duration="0.010067" asserts="2" />
              <test-case id="2-1250" name="ConvertStringEnumerableToIntArray" fullname="Wyam.Core.Tests.Documents.MetadataAsFixture.ConvertStringEnumerableToIntArray" methodname="ConvertStringEnumerableToIntArray" classname="Wyam.Core.Tests.Documents.MetadataAsFixture" runstate="Runnable" seed="790880703" result="Passed" start-time="2016-01-14 18:05:15Z" end-time="2016-01-14 18:05:15Z" duration="0.004651" asserts="2" />
              <test-case id="2-1246" name="ConvertStringToInt" fullname="Wyam.Core.Tests.Documents.MetadataAsFixture.ConvertStringToInt" methodname="ConvertStringToInt" classname="Wyam.Core.Tests.Documents.MetadataAsFixture" runstate="Runnable" seed="214159034" result="Passed" start-time="2016-01-14 18:05:15Z" end-time="2016-01-14 18:05:15Z" duration="0.035805" asserts="2" />
              <test-case id="2-1251" name="ConvertStringToIntArray" fullname="Wyam.Core.Tests.Documents.MetadataAsFixture.ConvertStringToIntArray" methodname="ConvertStringToIntArray" classname="Wyam.Core.Tests.Documents.MetadataAsFixture" runstate="Runnable" seed="203749449" result="Passed" start-time="2016-01-14 18:05:15Z" end-time="2016-01-14 18:05:15Z" duration="0.009906" asserts="2" />
            </test-suite>
            <test-suite type="TestFixture" id="2-1252" name="MetadataFixture" fullname="Wyam.Core.Tests.Documents.MetadataFixture" classname="Wyam.Core.Tests.Documents.MetadataFixture" runstate="Runnable" testcasecount="45" result="Passed" start-time="2016-01-14 18:05:14Z" end-time="2016-01-14 18:05:20Z" duration="6.013601" total="45" passed="45" failed="0" inconclusive="0" skipped="0" asserts="54">
              <properties>
                <property name="ParallelScope" value="Self, Children" />
              </properties>
              <test-case id="2-1253" name="CanCloneWithNewValues" fullname="Wyam.Core.Tests.Documents.MetadataFixture.CanCloneWithNewValues" methodname="CanCloneWithNewValues" classname="Wyam.Core.Tests.Documents.MetadataFixture" runstate="Runnable" seed="177897556" result="Passed" start-time="2016-01-14 18:05:14Z" end-time="2016-01-14 18:05:14Z" duration="0.178380" asserts="1" />
              <test-case id="2-1262" name="CloneContainsNewValues" fullname="Wyam.Core.Tests.Documents.MetadataFixture.CloneContainsNewValues" methodname="CloneContainsNewValues" classname="Wyam.Core.Tests.Documents.MetadataFixture" runstate="Runnable" seed="379421124" result="Passed" start-time="2016-01-14 18:05:14Z" end-time="2016-01-14 18:05:14Z" duration="0.005729" asserts="1" />
              <test-case id="2-1260" name="CloneContainsPreviousValues" fullname="Wyam.Core.Tests.Documents.MetadataFixture.CloneContainsPreviousValues" methodname="CloneContainsPreviousValues" classname="Wyam.Core.Tests.Documents.MetadataFixture" runstate="Runnable" seed="2043609272" result="Passed" start-time="2016-01-14 18:05:14Z" end-time="2016-01-14 18:05:14Z" duration="0.001829" asserts="1" />
              <test-case id="2-1261" name="ClonedMetadataDoesNotContainNewValues" fullname="Wyam.Core.Tests.Documents.MetadataFixture.ClonedMetadataDoesNotContainNewValues" methodname="ClonedMetadataDoesNotContainNewValues" classname="Wyam.Core.Tests.Documents.MetadataFixture" runstate="Runnable" seed="866529679" result="Passed" start-time="2016-01-14 18:05:15Z" end-time="2016-01-14 18:05:15Z" duration="0.001725" asserts="1" />
              <test-case id="2-1263" name="CloneReplacesValue" fullname="Wyam.Core.Tests.Documents.MetadataFixture.CloneReplacesValue" methodname="CloneReplacesValue" classname="Wyam.Core.Tests.Documents.MetadataFixture" runstate="Runnable" seed="1117879235" result="Passed" start-time="2016-01-14 18:05:15Z" end-time="2016-01-14 18:05:15Z" duration="0.001236" asserts="2" />
              <test-case id="2-1256" name="ContainsKeyReturnsTrueForValidValue" fullname="Wyam.Core.Tests.Documents.MetadataFixture.ContainsKeyReturnsTrueForValidValue" methodname="ContainsKeyReturnsTrueForValidValue" classname="Wyam.Core.Tests.Documents.MetadataFixture" runstate="Runnable" seed="1742604285" result="Passed" start-time="2016-01-14 18:05:15Z" end-time="2016-01-14 18:05:15Z" duration="0.000869" asserts="1" />
              <test-case id="2-1257" name="ContainsReturnsFalseForInvalidValue" fullname="Wyam.Core.Tests.Documents.MetadataFixture.ContainsReturnsFalseForInvalidValue" methodname="ContainsReturnsFalseForInvalidValue" classname="Wyam.Core.Tests.Documents.MetadataFixture" runstate="Runnable" seed="1538640279" result="Passed" start-time="2016-01-14 18:05:15Z" end-time="2016-01-14 18:05:15Z" duration="0.002299" asserts="1" />
              <test-case id="2-1298" name="EnumeratingMetadataValuesReturnsCorrectResults" fullname="Wyam.Core.Tests.Documents.MetadataFixture.EnumeratingMetadataValuesReturnsCorrectResults" methodname="EnumeratingMetadataValuesReturnsCorrectResults" classname="Wyam.Core.Tests.Documents.MetadataFixture" runstate="Runnable" seed="256298896" result="Passed" start-time="2016-01-14 18:05:15Z" end-time="2016-01-14 18:05:15Z" duration="0.341418" asserts="1" />
              <test-case id="2-1296" name="GetWithDerivedMetadataValueReturnsCorrectResult" fullname="Wyam.Core.Tests.Documents.MetadataFixture.GetWithDerivedMetadataValueReturnsCorrectResult" methodname="GetWithDerivedMetadataValueReturnsCorrectResult" classname="Wyam.Core.Tests.Documents.MetadataFixture" runstate="Runnable" seed="1579690388" result="Passed" start-time="2016-01-14 18:05:16Z" end-time="2016-01-14 18:05:16Z" duration="0.001358" asserts="1" />
              <test-case id="2-1297" name="GetWithMetadataValueCalledForEachRequest" fullname="Wyam.Core.Tests.Documents.MetadataFixture.GetWithMetadataValueCalledForEachRequest" methodname="GetWithMetadataValueCalledForEachRequest" classname="Wyam.Core.Tests.Documents.MetadataFixture" runstate="Runnable" seed="1891191200" result="Passed" start-time="2016-01-14 18:05:16Z" end-time="2016-01-14 18:05:16Z" duration="0.002367" asserts="2" />
              <test-case id="2-1264" name="GetWithMetadataValueReturnsCorrectResult" fullname="Wyam.Core.Tests.Documents.MetadataFixture.GetWithMetadataValueReturnsCorrectResult" methodname="GetWithMetadataValueReturnsCorrectResult" classname="Wyam.Core.Tests.Documents.MetadataFixture" runstate="Runnable" seed="60730618" result="Passed" start-time="2016-01-14 18:05:16Z" end-time="2016-01-14 18:05:16Z" duration="0.001213" asserts="1" />
              <test-case id="2-1254" name="IndexerMissingKeyThrowsKeyNotFoundException" fullname="Wyam.Core.Tests.Documents.MetadataFixture.IndexerMissingKeyThrowsKeyNotFoundException" methodname="IndexerMissingKeyThrowsKeyNotFoundException" classname="Wyam.Core.Tests.Documents.MetadataFixture" runstate="Runnable" seed="189946142" result="Passed" start-time="2016-01-14 18:05:16Z" end-time="2016-01-14 18:05:16Z" duration="0.001239" asserts="1" />
              <test-case id="2-1255" name="IndexerNullKeyThrowsKeyNotFoundException" fullname="Wyam.Core.Tests.Documents.MetadataFixture.IndexerNullKeyThrowsKeyNotFoundException" methodname="IndexerNullKeyThrowsKeyNotFoundException" classname="Wyam.Core.Tests.Documents.MetadataFixture" runstate="Runnable" seed="948746851" result="Passed" start-time="2016-01-14 18:05:17Z" end-time="2016-01-14 18:05:17Z" duration="0.001798" asserts="1" />
              <test-case id="2-1294" name="IndexerWithMetadataValueReturnsCorrectResult" fullname="Wyam.Core.Tests.Documents.MetadataFixture.IndexerWithMetadataValueReturnsCorrectResult" methodname="IndexerWithMetadataValueReturnsCorrectResult" classname="Wyam.Core.Tests.Documents.MetadataFixture" runstate="Runnable" seed="1241656981" result="Passed" start-time="2016-01-14 18:05:17Z" end-time="2016-01-14 18:05:17Z" duration="0.035182" asserts="1" />
              <test-suite type="ParameterizedMethod" id="2-1293" name="LinkReturnsCorrectResult" fullname="Wyam.Core.Tests.Documents.MetadataFixture.LinkReturnsCorrectResult" runstate="Runnable" testcasecount="24" result="Passed" start-time="2016-01-14 18:05:17Z" end-time="2016-01-14 18:05:19Z" duration="1.998311" total="24" passed="24" failed="0" inconclusive="0" skipped="0" asserts="24">
                <test-case id="2-1269" name="LinkReturnsCorrectResult(&quot;foo/bar&quot;,False,&quot;/foo/bar&quot;)" fullname="Wyam.Core.Tests.Documents.MetadataFixture.LinkReturnsCorrectResult(&quot;foo/bar&quot;,False,&quot;/foo/bar&quot;)" methodname="LinkReturnsCorrectResult" classname="Wyam.Core.Tests.Documents.MetadataFixture" runstate="Runnable" seed="443181809" result="Passed" start-time="2016-01-14 18:05:17Z" end-time="2016-01-14 18:05:17Z" duration="0.032874" asserts="1" />
                <test-case id="2-1270" name="LinkReturnsCorrectResult(&quot;foo/bar&quot;,True,&quot;/foo/bar&quot;)" fullname="Wyam.Core.Tests.Documents.MetadataFixture.LinkReturnsCorrectResult(&quot;foo/bar&quot;,True,&quot;/foo/bar&quot;)" methodname="LinkReturnsCorrectResult" classname="Wyam.Core.Tests.Documents.MetadataFixture" runstate="Runnable" seed="1459303070" result="Passed" start-time="2016-01-14 18:05:17Z" end-time="2016-01-14 18:05:17Z" duration="0.000348" asserts="1" />
                <test-case id="2-1271" name="LinkReturnsCorrectResult(&quot;/foo/bar&quot;,False,&quot;/foo/bar&quot;)" fullname="Wyam.Core.Tests.Documents.MetadataFixture.LinkReturnsCorrectResult(&quot;/foo/bar&quot;,False,&quot;/foo/bar&quot;)" methodname="LinkReturnsCorrectResult" classname="Wyam.Core.Tests.Documents.MetadataFixture" runstate="Runnable" seed="511041090" result="Passed" start-time="2016-01-14 18:05:18Z" end-time="2016-01-14 18:05:18Z" duration="0.001223" asserts="1" />
                <test-case id="2-1272" name="LinkReturnsCorrectResult(&quot;/foo/bar&quot;,True,&quot;/foo/bar&quot;)" fullname="Wyam.Core.Tests.Documents.MetadataFixture.LinkReturnsCorrectResult(&quot;/foo/bar&quot;,True,&quot;/foo/bar&quot;)" methodname="LinkReturnsCorrectResult" classname="Wyam.Core.Tests.Documents.MetadataFixture" runstate="Runnable" seed="276276310" result="Passed" start-time="2016-01-14 18:05:18Z" end-time="2016-01-14 18:05:18Z" duration="0.007408" asserts="1" />
                <test-case id="2-1273" name="LinkReturnsCorrectResult(&quot;/foo/bar/index.html&quot;,False,&quot;/foo/bar/index.html&quot;)" fullname="Wyam.Core.Tests.Documents.MetadataFixture.LinkReturnsCorrectResult(&quot;/foo/bar/index.html&quot;,False,&quot;/foo/bar/index.html&quot;)" methodname="LinkReturnsCorrectResult" classname="Wyam.Core.Tests.Documents.MetadataFixture" runstate="Runnable" seed="1504083240" result="Passed" start-time="2016-01-14 18:05:18Z" end-time="2016-01-14 18:05:18Z" duration="0.007744" asserts="1" />
                <test-case id="2-1274" name="LinkReturnsCorrectResult(&quot;/foo/bar/index.html&quot;,True,&quot;/foo/bar&quot;)" fullname="Wyam.Core.Tests.Documents.MetadataFixture.LinkReturnsCorrectResult(&quot;/foo/bar/index.html&quot;,True,&quot;/foo/bar&quot;)" methodname="LinkReturnsCorrectResult" classname="Wyam.Core.Tests.Documents.MetadataFixture" runstate="Runnable" seed="1493003837" result="Passed" start-time="2016-01-14 18:05:18Z" end-time="2016-01-14 18:05:18Z" duration="0.004449" asserts="1" />
                <test-case id="2-1275" name="LinkReturnsCorrectResult(&quot;/foo/bar/index.htm&quot;,False,&quot;/foo/bar/index.htm&quot;)" fullname="Wyam.Core.Tests.Documents.MetadataFixture.LinkReturnsCorrectResult(&quot;/foo/bar/index.htm&quot;,False,&quot;/foo/bar/index.htm&quot;)" methodname="LinkReturnsCorrectResult" classname="Wyam.Core.Tests.Documents.MetadataFixture" runstate="Runnable" seed="966646711" result="Passed" start-time="2016-01-14 18:05:18Z" end-time="2016-01-14 18:05:18Z" duration="0.030788" asserts="1" />
                <test-case id="2-1276" name="LinkReturnsCorrectResult(&quot;/foo/bar/index.htm&quot;,True,&quot;/foo/bar&quot;)" fullname="Wyam.Core.Tests.Documents.MetadataFixture.LinkReturnsCorrectResult(&quot;/foo/bar/index.htm&quot;,True,&quot;/foo/bar&quot;)" methodname="LinkReturnsCorrectResult" classname="Wyam.Core.Tests.Documents.MetadataFixture" runstate="Runnable" seed="1528001366" result="Passed" start-time="2016-01-14 18:05:18Z" end-time="2016-01-14 18:05:18Z" duration="0.001827" asserts="1" />
                <test-case id="2-1277" name="LinkReturnsCorrectResult(&quot;/foo/bar/baz.html&quot;,False,&quot;/foo/bar/baz.html&quot;)" fullname="Wyam.Core.Tests.Documents.MetadataFixture.LinkReturnsCorrectResult(&quot;/foo/bar/baz.html&quot;,False,&quot;/foo/bar/baz.html&quot;)" methodname="LinkReturnsCorrectResult" classname="Wyam.Core.Tests.Documents.MetadataFixture" runstate="Runnable" seed="376161915" result="Passed" start-time="2016-01-14 18:05:18Z" end-time="2016-01-14 18:05:18Z" duration="0.000387" asserts="1" />
                <test-case id="2-1278" name="LinkReturnsCorrectResult(&quot;/foo/bar/baz.html&quot;,True,&quot;/foo/bar/baz.html&quot;)" fullname="Wyam.Core.Tests.Documents.MetadataFixture.LinkReturnsCorrectResult(&quot;/foo/bar/baz.html&quot;,True,&quot;/foo/bar/baz.html&quot;)" methodname="LinkReturnsCorrectResult" classname="Wyam.Core.Tests.Documents.MetadataFixture" runstate="Runnable" seed="79920680" result="Passed" start-time="2016-01-14 18:05:18Z" end-time="2016-01-14 18:05:18Z" duration="0.000468" asserts="1" />
                <test-case id="2-1279" name="LinkReturnsCorrectResult(null,False,&quot;#&quot;)" fullname="Wyam.Core.Tests.Documents.MetadataFixture.LinkReturnsCorrectResult(null,False,&quot;#&quot;)" methodname="LinkReturnsCorrectResult" classname="Wyam.Core.Tests.Documents.MetadataFixture" runstate="Runnable" seed="1464159697" result="Passed" start-time="2016-01-14 18:05:18Z" end-time="2016-01-14 18:05:18Z" duration="0.001077" asserts="1" />
                <test-case id="2-1280" name="LinkReturnsCorrectResult(null,True,&quot;#&quot;)" fullname="Wyam.Core.Tests.Documents.MetadataFixture.LinkReturnsCorrectResult(null,True,&quot;#&quot;)" methodname="LinkReturnsCorrectResult" classname="Wyam.Core.Tests.Documents.MetadataFixture" runstate="Runnable" seed="1899211000" result="Passed" start-time="2016-01-14 18:05:18Z" end-time="2016-01-14 18:05:18Z" duration="0.000981" asserts="1" />
                <test-case id="2-1281" name="LinkReturnsCorrectResult(&quot;&quot;,False,&quot;#&quot;)" fullname="Wyam.Core.Tests.Documents.MetadataFixture.LinkReturnsCorrectResult(&quot;&quot;,False,&quot;#&quot;)" methodname="LinkReturnsCorrectResult" classname="Wyam.Core.Tests.Documents.MetadataFixture" runstate="Runnable" seed="997687769" result="Passed" start-time="2016-01-14 18:05:19Z" end-time="2016-01-14 18:05:19Z" duration="0.000342" asserts="1" />
                <test-case id="2-1282" name="LinkReturnsCorrectResult(&quot;&quot;,True,&quot;#&quot;)" fullname="Wyam.Core.Tests.Documents.MetadataFixture.LinkReturnsCorrectResult(&quot;&quot;,True,&quot;#&quot;)" methodname="LinkReturnsCorrectResult" classname="Wyam.Core.Tests.Documents.MetadataFixture" runstate="Runnable" seed="2117901244" result="Passed" start-time="2016-01-14 18:05:19Z" end-time="2016-01-14 18:05:19Z" duration="0.001458" asserts="1" />
                <test-case id="2-1283" name="LinkReturnsCorrectResult(&quot; &quot;,False,&quot;#&quot;)" fullname="Wyam.Core.Tests.Documents.MetadataFixture.LinkReturnsCorrectResult(&quot; &quot;,False,&quot;#&quot;)" methodname="LinkReturnsCorrectResult" classname="Wyam.Core.Tests.Documents.MetadataFixture" runstate="Runnable" seed="106741423" result="Passed" start-time="2016-01-14 18:05:19Z" end-time="2016-01-14 18:05:19Z" duration="0.000431" asserts="1" />
                <test-case id="2-1284" name="LinkReturnsCorrectResult(&quot; &quot;,True,&quot;#&quot;)" fullname="Wyam.Core.Tests.Documents.MetadataFixture.LinkReturnsCorrectResult(&quot; &quot;,True,&quot;#&quot;)" methodname="LinkReturnsCorrectResult" classname="Wyam.Core.Tests.Documents.MetadataFixture" runstate="Runnable" seed="137039851" result="Passed" start-time="2016-01-14 18:05:19Z" end-time="2016-01-14 18:05:19Z" duration="0.000316" asserts="1" />
                <test-case id="2-1285" name="LinkReturnsCorrectResult(&quot;/index.html&quot;,False,&quot;/index.html&quot;)" fullname="Wyam.Core.Tests.Documents.MetadataFixture.LinkReturnsCorrectResult(&quot;/index.html&quot;,False,&quot;/index.html&quot;)" methodname="LinkReturnsCorrectResult" classname="Wyam.Core.Tests.Documents.MetadataFixture" runstate="Runnable" seed="1152608289" result="Passed" start-time="2016-01-14 18:05:19Z" end-time="2016-01-14 18:05:19Z" duration="0.003827" asserts="1" />
                <test-case id="2-1286" name="LinkReturnsCorrectResult(&quot;/index.html&quot;,True,&quot;/&quot;)" fullname="Wyam.Core.Tests.Documents.MetadataFixture.LinkReturnsCorrectResult(&quot;/index.html&quot;,True,&quot;/&quot;)" methodname="LinkReturnsCorrectResult" classname="Wyam.Core.Tests.Documents.MetadataFixture" runstate="Runnable" seed="1973987950" result="Passed" start-time="2016-01-14 18:05:19Z" end-time="2016-01-14 18:05:19Z" duration="0.000571" asserts="1" />
                <test-case id="2-1287" name="LinkReturnsCorrectResult(&quot;index.html&quot;,False,&quot;/index.html&quot;)" fullname="Wyam.Core.Tests.Documents.MetadataFixture.LinkReturnsCorrectResult(&quot;index.html&quot;,False,&quot;/index.html&quot;)" methodname="LinkReturnsCorrectResult" classname="Wyam.Core.Tests.Documents.MetadataFixture" runstate="Runnable" seed="351249368" result="Passed" start-time="2016-01-14 18:05:19Z" end-time="2016-01-14 18:05:19Z" duration="0.000442" asserts="1" />
                <test-case id="2-1288" name="LinkReturnsCorrectResult(&quot;index.html&quot;,True,&quot;/&quot;)" fullname="Wyam.Core.Tests.Documents.MetadataFixture.LinkReturnsCorrectResult(&quot;index.html&quot;,True,&quot;/&quot;)" methodname="LinkReturnsCorrectResult" classname="Wyam.Core.Tests.Documents.MetadataFixture" runstate="Runnable" seed="518951753" result="Passed" start-time="2016-01-14 18:05:19Z" end-time="2016-01-14 18:05:19Z" duration="0.000341" asserts="1" />
                <test-case id="2-1289" name="LinkReturnsCorrectResult(&quot;/foo.html&quot;,False,&quot;/foo.html&quot;)" fullname="Wyam.Core.Tests.Documents.MetadataFixture.LinkReturnsCorrectResult(&quot;/foo.html&quot;,False,&quot;/foo.html&quot;)" methodname="LinkReturnsCorrectResult" classname="Wyam.Core.Tests.Documents.MetadataFixture" runstate="Runnable" seed="608586132" result="Passed" start-time="2016-01-14 18:05:19Z" end-time="2016-01-14 18:05:19Z" duration="0.019101" asserts="1" />
                <test-case id="2-1290" name="LinkReturnsCorrectResult(&quot;/foo.html&quot;,True,&quot;/foo.html&quot;)" fullname="Wyam.Core.Tests.Documents.MetadataFixture.LinkReturnsCorrectResult(&quot;/foo.html&quot;,True,&quot;/foo.html&quot;)" methodname="LinkReturnsCorrectResult" classname="Wyam.Core.Tests.Documents.MetadataFixture" runstate="Runnable" seed="1024470756" result="Passed" start-time="2016-01-14 18:05:19Z" end-time="2016-01-14 18:05:19Z" duration="0.000211" asserts="1" />
                <test-case id="2-1291" name="LinkReturnsCorrectResult(&quot;foo.html&quot;,False,&quot;/foo.html&quot;)" fullname="Wyam.Core.Tests.Documents.MetadataFixture.LinkReturnsCorrectResult(&quot;foo.html&quot;,False,&quot;/foo.html&quot;)" methodname="LinkReturnsCorrectResult" classname="Wyam.Core.Tests.Documents.MetadataFixture" runstate="Runnable" seed="933444854" result="Passed" start-time="2016-01-14 18:05:19Z" end-time="2016-01-14 18:05:19Z" duration="0.000193" asserts="1" />
                <test-case id="2-1292" name="LinkReturnsCorrectResult(&quot;foo.html&quot;,True,&quot;/foo.html&quot;)" fullname="Wyam.Core.Tests.Documents.MetadataFixture.LinkReturnsCorrectResult(&quot;foo.html&quot;,True,&quot;/foo.html&quot;)" methodname="LinkReturnsCorrectResult" classname="Wyam.Core.Tests.Documents.MetadataFixture" runstate="Runnable" seed="1617349895" result="Passed" start-time="2016-01-14 18:05:19Z" end-time="2016-01-14 18:05:19Z" duration="0.000198" asserts="1" />
              </test-suite>
              <test-case id="2-1268" name="ListReturnsCorrectResultForArray" fullname="Wyam.Core.Tests.Documents.MetadataFixture.ListReturnsCorrectResultForArray" methodname="ListReturnsCorrectResultForArray" classname="Wyam.Core.Tests.Documents.MetadataFixture" runstate="Runnable" seed="1469648869" result="Passed" start-time="2016-01-14 18:05:19Z" end-time="2016-01-14 18:05:19Z" duration="0.015995" asserts="2" />
              <test-case id="2-1267" name="ListReturnsCorrectResultForConvertedIntList" fullname="Wyam.Core.Tests.Documents.MetadataFixture.ListReturnsCorrectResultForConvertedIntList" methodname="ListReturnsCorrectResultForConvertedIntList" classname="Wyam.Core.Tests.Documents.MetadataFixture" runstate="Runnable" seed="278825870" result="Passed" start-time="2016-01-14 18:05:19Z" end-time="2016-01-14 18:05:19Z" duration="0.061908" asserts="2" />
              <test-case id="2-1266" name="ListReturnsCorrectResultForConvertedStringList" fullname="Wyam.Core.Tests.Documents.MetadataFixture.ListReturnsCorrectResultForConvertedStringList" methodname="ListReturnsCorrectResultForConvertedStringList" classname="Wyam.Core.Tests.Documents.MetadataFixture" runstate="Runnable" seed="196353689" result="Passed" start-time="2016-01-14 18:05:19Z" end-time="2016-01-14 18:05:19Z" duration="0.047021" asserts="2" />
              <test-case id="2-1265" name="ListReturnsCorrectResultForList" fullname="Wyam.Core.Tests.Documents.MetadataFixture.ListReturnsCorrectResultForList" methodname="ListReturnsCorrectResultForList" classname="Wyam.Core.Tests.Documents.MetadataFixture" runstate="Runnable" seed="1949304503" result="Passed" start-time="2016-01-14 18:05:19Z" end-time="2016-01-14 18:05:19Z" duration="0.014449" asserts="2" />
              <test-case id="2-1259" name="TryGetValueReturnsFalseForInvalidValue" fullname="Wyam.Core.Tests.Documents.MetadataFixture.TryGetValueReturnsFalseForInvalidValue" methodname="TryGetValueReturnsFalseForInvalidValue" classname="Wyam.Core.Tests.Documents.MetadataFixture" runstate="Runnable" seed="1997023568" result="Passed" start-time="2016-01-14 18:05:20Z" end-time="2016-01-14 18:05:20Z" duration="0.001248" asserts="2" />
              <test-case id="2-1258" name="TryGetValueReturnsTrueForValidValue" fullname="Wyam.Core.Tests.Documents.MetadataFixture.TryGetValueReturnsTrueForValidValue" methodname="TryGetValueReturnsTrueForValidValue" classname="Wyam.Core.Tests.Documents.MetadataFixture" runstate="Runnable" seed="1478212656" result="Passed" start-time="2016-01-14 18:05:20Z" end-time="2016-01-14 18:05:20Z" duration="0.000957" asserts="2" />
              <test-case id="2-1295" name="TryGetValueWithMetadataValueReturnsCorrectResult" fullname="Wyam.Core.Tests.Documents.MetadataFixture.TryGetValueWithMetadataValueReturnsCorrectResult" methodname="TryGetValueWithMetadataValueReturnsCorrectResult" classname="Wyam.Core.Tests.Documents.MetadataFixture" runstate="Runnable" seed="404223390" result="Passed" start-time="2016-01-14 18:05:20Z" end-time="2016-01-14 18:05:20Z" duration="0.002082" asserts="2" />
            </test-suite>
          </test-suite>
          <test-suite type="TestSuite" id="2-1303" name="Pipelines" fullname="Wyam.Core.Tests.Pipelines" runstate="Runnable" testcasecount="3" result="Passed" start-time="2016-01-14 18:05:04Z" end-time="2016-01-14 18:05:27Z" duration="23.158010" total="3" passed="3" failed="0" inconclusive="0" skipped="0" asserts="30">
            <test-suite type="TestFixture" id="2-1007" name="PipelineFixture" fullname="Wyam.Core.Tests.Pipelines.PipelineFixture" classname="Wyam.Core.Tests.Pipelines.PipelineFixture" runstate="Runnable" testcasecount="3" result="Passed" start-time="2016-01-14 18:05:27Z" end-time="2016-01-14 18:05:27Z" duration="0.043752" total="3" passed="3" failed="0" inconclusive="0" skipped="0" asserts="30">
              <properties>
                <property name="ParallelScope" value="Self, Children" />
              </properties>
              <test-case id="2-1009" name="DoesNotProcessPreviousDocumentsWhenSameSource" fullname="Wyam.Core.Tests.Pipelines.PipelineFixture.DoesNotProcessPreviousDocumentsWhenSameSource" methodname="DoesNotProcessPreviousDocumentsWhenSameSource" classname="Wyam.Core.Tests.Pipelines.PipelineFixture" runstate="Runnable" seed="211985103" result="Passed" start-time="2016-01-14 18:05:27Z" end-time="2016-01-14 18:05:27Z" duration="0.031476" asserts="10" />
              <test-case id="2-1008" name="ReprocessesPreviousDocumentsWithDistinctSources" fullname="Wyam.Core.Tests.Pipelines.PipelineFixture.ReprocessesPreviousDocumentsWithDistinctSources" methodname="ReprocessesPreviousDocumentsWithDistinctSources" classname="Wyam.Core.Tests.Pipelines.PipelineFixture" runstate="Runnable" seed="963478164" result="Passed" start-time="2016-01-14 18:05:27Z" end-time="2016-01-14 18:05:27Z" duration="0.005797" asserts="10" />
              <test-case id="2-1010" name="ReprocessPreviousDocumentsWithDifferentContent" fullname="Wyam.Core.Tests.Pipelines.PipelineFixture.ReprocessPreviousDocumentsWithDifferentContent" methodname="ReprocessPreviousDocumentsWithDifferentContent" classname="Wyam.Core.Tests.Pipelines.PipelineFixture" runstate="Runnable" seed="961503095" result="Passed" start-time="2016-01-14 18:05:27Z" end-time="2016-01-14 18:05:27Z" duration="0.005071" asserts="10" />
            </test-suite>
          </test-suite>
          <test-suite type="TestSuite" id="2-1305" name="Modules" fullname="Wyam.Core.Tests.Modules" runstate="Runnable" testcasecount="145" result="Passed" start-time="2016-01-14 18:05:03Z" end-time="2016-01-14 18:05:29Z" duration="25.230161" total="145" passed="145" failed="0" inconclusive="0" skipped="0" asserts="323">
            <test-suite type="TestSuite" id="2-1307" name="Content" fullname="Wyam.Core.Tests.Modules.Content" runstate="Runnable" testcasecount="6" result="Passed" start-time="2016-01-14 18:05:03Z" end-time="2016-01-14 18:05:15Z" duration="11.928374" total="6" passed="6" failed="0" inconclusive="0" skipped="0" asserts="12">
              <test-suite type="TestFixture" id="2-1071" name="SitemapFixture" fullname="Wyam.Core.Tests.Modules.Content.SitemapFixture" classname="Wyam.Core.Tests.Modules.Content.SitemapFixture" runstate="Runnable" testcasecount="6" result="Passed" start-time="2016-01-14 18:05:15Z" end-time="2016-01-14 18:05:15Z" duration="0.500776" total="6" passed="6" failed="0" inconclusive="0" skipped="0" asserts="12">
                <properties>
                  <property name="ParallelScope" value="Self, Children" />
                </properties>
                <test-suite type="ParameterizedMethod" id="2-1075" name="SitemapGeneratedWithSitemapItem" fullname="Wyam.Core.Tests.Modules.Content.SitemapFixture.SitemapGeneratedWithSitemapItem" runstate="Runnable" testcasecount="3" result="Passed" start-time="2016-01-14 18:05:15Z" end-time="2016-01-14 18:05:15Z" duration="0.282542" total="3" passed="3" failed="0" inconclusive="0" skipped="0" asserts="6">
                  <test-case id="2-1072" name="SitemapGeneratedWithSitemapItem(&quot;http://www.example.org&quot;,null,&quot;http://www.example.org/sub/testfile.html&quot;)" fullname="Wyam.Core.Tests.Modules.Content.SitemapFixture.SitemapGeneratedWithSitemapItem(&quot;http://www.example.org&quot;,null,&quot;http://www.example.org/sub/testfile.html&quot;)" methodname="SitemapGeneratedWithSitemapItem" classname="Wyam.Core.Tests.Modules.Content.SitemapFixture" runstate="Runnable" seed="1793313446" result="Passed" start-time="2016-01-14 18:05:15Z" end-time="2016-01-14 18:05:15Z" duration="0.021437" asserts="2" />
                  <test-case id="2-1073" name="SitemapGeneratedWithSitemapItem(null,&quot;http://www.example.com/{0}&quot;,&quot;http://www.example.com/sub/testfile.html&quot;)" fullname="Wyam.Core.Tests.Modules.Content.SitemapFixture.SitemapGeneratedWithSitemapItem(null,&quot;http://www.example.com/{0}&quot;,&quot;http://www.example.com/sub/testfile.html&quot;)" methodname="SitemapGeneratedWithSitemapItem" classname="Wyam.Core.Tests.Modules.Content.SitemapFixture" runstate="Runnable" seed="965381202" result="Passed" start-time="2016-01-14 18:05:15Z" end-time="2016-01-14 18:05:15Z" duration="0.053911" asserts="2" />
                  <test-case id="2-1074" name="SitemapGeneratedWithSitemapItem(&quot;http://www.example.org&quot;,&quot;http://www.example.com/{0}&quot;,&quot;http://www.example.com/sub/testfile.html&quot;)" fullname="Wyam.Core.Tests.Modules.Content.SitemapFixture.SitemapGeneratedWithSitemapItem(&quot;http://www.example.org&quot;,&quot;http://www.example.com/{0}&quot;,&quot;http://www.example.com/sub/testfile.html&quot;)" methodname="SitemapGeneratedWithSitemapItem" classname="Wyam.Core.Tests.Modules.Content.SitemapFixture" runstate="Runnable" seed="2123137215" result="Passed" start-time="2016-01-14 18:05:15Z" end-time="2016-01-14 18:05:15Z" duration="0.002743" asserts="2" />
                </test-suite>
                <test-suite type="ParameterizedMethod" id="2-1079" name="SitemapGeneratedWithSitemapItemAsString" fullname="Wyam.Core.Tests.Modules.Content.SitemapFixture.SitemapGeneratedWithSitemapItemAsString" runstate="Runnable" testcasecount="3" result="Passed" start-time="2016-01-14 18:05:15Z" end-time="2016-01-14 18:05:15Z" duration="0.181184" total="3" passed="3" failed="0" inconclusive="0" skipped="0" asserts="6">
                  <test-case id="2-1076" name="SitemapGeneratedWithSitemapItemAsString(&quot;http://www.example.org&quot;,null,&quot;http://www.example.org/sub/testfile.html&quot;)" fullname="Wyam.Core.Tests.Modules.Content.SitemapFixture.SitemapGeneratedWithSitemapItemAsString(&quot;http://www.example.org&quot;,null,&quot;http://www.example.org/sub/testfile.html&quot;)" methodname="SitemapGeneratedWithSitemapItemAsString" classname="Wyam.Core.Tests.Modules.Content.SitemapFixture" runstate="Runnable" seed="1668270324" result="Passed" start-time="2016-01-14 18:05:15Z" end-time="2016-01-14 18:05:15Z" duration="0.030813" asserts="2" />
                  <test-case id="2-1077" name="SitemapGeneratedWithSitemapItemAsString(null,&quot;http://www.example.com/{0}&quot;,&quot;http://www.example.com/sub/testfile.html&quot;)" fullname="Wyam.Core.Tests.Modules.Content.SitemapFixture.SitemapGeneratedWithSitemapItemAsString(null,&quot;http://www.example.com/{0}&quot;,&quot;http://www.example.com/sub/testfile.html&quot;)" methodname="SitemapGeneratedWithSitemapItemAsString" classname="Wyam.Core.Tests.Modules.Content.SitemapFixture" runstate="Runnable" seed="2110159778" result="Passed" start-time="2016-01-14 18:05:15Z" end-time="2016-01-14 18:05:15Z" duration="0.045006" asserts="2" />
                  <test-case id="2-1078" name="SitemapGeneratedWithSitemapItemAsString(&quot;http://www.example.org&quot;,&quot;http://www.example.com/{0}&quot;,&quot;http://www.example.com/sub/testfile.html&quot;)" fullname="Wyam.Core.Tests.Modules.Content.SitemapFixture.SitemapGeneratedWithSitemapItemAsString(&quot;http://www.example.org&quot;,&quot;http://www.example.com/{0}&quot;,&quot;http://www.example.com/sub/testfile.html&quot;)" methodname="SitemapGeneratedWithSitemapItemAsString" classname="Wyam.Core.Tests.Modules.Content.SitemapFixture" runstate="Runnable" seed="2141596860" result="Passed" start-time="2016-01-14 18:05:15Z" end-time="2016-01-14 18:05:15Z" duration="0.001687" asserts="2" />
                </test-suite>
              </test-suite>
            </test-suite>
            <test-suite type="TestSuite" id="2-1311" name="Control" fullname="Wyam.Core.Tests.Modules.Control" runstate="Runnable" testcasecount="38" result="Passed" start-time="2016-01-14 18:05:03Z" end-time="2016-01-14 18:05:17Z" duration="13.117836" total="38" passed="38" failed="0" inconclusive="0" skipped="0" asserts="172">
              <test-suite type="TestFixture" id="2-1198" name="BranchFixture" fullname="Wyam.Core.Tests.Modules.Control.BranchFixture" classname="Wyam.Core.Tests.Modules.Control.BranchFixture" runstate="Runnable" testcasecount="2" result="Passed" start-time="2016-01-14 18:05:15Z" end-time="2016-01-14 18:05:15Z" duration="0.058353" total="2" passed="2" failed="0" inconclusive="0" skipped="0" asserts="18">
                <properties>
                  <property name="ParallelScope" value="Self, Children" />
                </properties>
                <test-case id="2-1199" name="BranchResultsInCorrectCounts" fullname="Wyam.Core.Tests.Modules.Control.BranchFixture.BranchResultsInCorrectCounts" methodname="BranchResultsInCorrectCounts" classname="Wyam.Core.Tests.Modules.Control.BranchFixture" runstate="Runnable" seed="2013654862" result="Passed" start-time="2016-01-14 18:05:15Z" end-time="2016-01-14 18:05:15Z" duration="0.027476" asserts="9" />
                <test-case id="2-1200" name="BranchWithPredicateResultsInCorrectCounts" fullname="Wyam.Core.Tests.Modules.Control.BranchFixture.BranchWithPredicateResultsInCorrectCounts" methodname="BranchWithPredicateResultsInCorrectCounts" classname="Wyam.Core.Tests.Modules.Control.BranchFixture" runstate="Runnable" seed="238513375" result="Passed" start-time="2016-01-14 18:05:15Z" end-time="2016-01-14 18:05:15Z" duration="0.016228" asserts="9" />
              </test-suite>
              <test-suite type="TestFixture" id="2-1195" name="ConcatBranchFixture" fullname="Wyam.Core.Tests.Modules.Control.ConcatBranchFixture" classname="Wyam.Core.Tests.Modules.Control.ConcatBranchFixture" runstate="Runnable" testcasecount="2" result="Passed" start-time="2016-01-14 18:05:15Z" end-time="2016-01-14 18:05:15Z" duration="0.078952" total="2" passed="2" failed="0" inconclusive="0" skipped="0" asserts="18">
                <properties>
                  <property name="ParallelScope" value="Self, Children" />
                </properties>
                <test-case id="2-1196" name="ResultsInCorrectCounts" fullname="Wyam.Core.Tests.Modules.Control.ConcatBranchFixture.ResultsInCorrectCounts" methodname="ResultsInCorrectCounts" classname="Wyam.Core.Tests.Modules.Control.ConcatBranchFixture" runstate="Runnable" seed="630744275" result="Passed" start-time="2016-01-14 18:05:15Z" end-time="2016-01-14 18:05:15Z" duration="0.004514" asserts="9" />
                <test-case id="2-1197" name="WithPredicateResultsInCorrectCounts" fullname="Wyam.Core.Tests.Modules.Control.ConcatBranchFixture.WithPredicateResultsInCorrectCounts" methodname="WithPredicateResultsInCorrectCounts" classname="Wyam.Core.Tests.Modules.Control.ConcatBranchFixture" runstate="Runnable" seed="1791378015" result="Passed" start-time="2016-01-14 18:05:15Z" end-time="2016-01-14 18:05:15Z" duration="0.063843" asserts="9" />
              </test-suite>
              <test-suite type="TestFixture" id="2-1201" name="DocumentsFixture" fullname="Wyam.Core.Tests.Modules.Control.DocumentsFixture" classname="Wyam.Core.Tests.Modules.Control.DocumentsFixture" runstate="Runnable" testcasecount="4" result="Passed" start-time="2016-01-14 18:05:15Z" end-time="2016-01-14 18:05:16Z" duration="0.094674" total="4" passed="4" failed="0" inconclusive="0" skipped="0" asserts="9">
                <properties>
                  <property name="ParallelScope" value="Self, Children" />
                </properties>
                <test-case id="2-1205" name="ContentAndMetadataReturnsCorrectDocuments" fullname="Wyam.Core.Tests.Modules.Control.DocumentsFixture.ContentAndMetadataReturnsCorrectDocuments" methodname="ContentAndMetadataReturnsCorrectDocuments" classname="Wyam.Core.Tests.Modules.Control.DocumentsFixture" runstate="Runnable" seed="1212345117" result="Passed" start-time="2016-01-14 18:05:15Z" end-time="2016-01-14 18:05:15Z" duration="0.019974" asserts="4" />
                <test-case id="2-1203" name="ContentReturnsCorrectDocuments" fullname="Wyam.Core.Tests.Modules.Control.DocumentsFixture.ContentReturnsCorrectDocuments" methodname="ContentReturnsCorrectDocuments" classname="Wyam.Core.Tests.Modules.Control.DocumentsFixture" runstate="Runnable" seed="287226356" result="Passed" start-time="2016-01-14 18:05:15Z" end-time="2016-01-14 18:05:16Z" duration="0.017015" asserts="2" />
                <test-case id="2-1202" name="CountReturnsCorrectDocuments" fullname="Wyam.Core.Tests.Modules.Control.DocumentsFixture.CountReturnsCorrectDocuments" methodname="CountReturnsCorrectDocuments" classname="Wyam.Core.Tests.Modules.Control.DocumentsFixture" runstate="Runnable" seed="1100392106" result="Passed" start-time="2016-01-14 18:05:16Z" end-time="2016-01-14 18:05:16Z" duration="0.011118" asserts="1" />
                <test-case id="2-1204" name="MetadataReturnsCorrectDocuments" fullname="Wyam.Core.Tests.Modules.Control.DocumentsFixture.MetadataReturnsCorrectDocuments" methodname="MetadataReturnsCorrectDocuments" classname="Wyam.Core.Tests.Modules.Control.DocumentsFixture" runstate="Runnable" seed="492254403" result="Passed" start-time="2016-01-14 18:05:16Z" end-time="2016-01-14 18:05:16Z" duration="0.005183" asserts="2" />
              </test-suite>
              <test-suite type="TestFixture" id="2-1206" name="FrontMatterFixture" fullname="Wyam.Core.Tests.Modules.Control.FrontMatterFixture" classname="Wyam.Core.Tests.Modules.Control.FrontMatterFixture" runstate="Runnable" testcasecount="11" result="Passed" start-time="2016-01-14 18:05:16Z" end-time="2016-01-14 18:05:16Z" duration="0.272239" total="11" passed="11" failed="0" inconclusive="0" skipped="0" asserts="34">
                <properties>
                  <property name="ParallelScope" value="Self, Children" />
                </properties>
                <test-case id="2-1208" name="DashStringDoesNotSplitAtNonmatchingDashes" fullname="Wyam.Core.Tests.Modules.Control.FrontMatterFixture.DashStringDoesNotSplitAtNonmatchingDashes" methodname="DashStringDoesNotSplitAtNonmatchingDashes" classname="Wyam.Core.Tests.Modules.Control.FrontMatterFixture" runstate="Runnable" seed="685264920" result="Passed" start-time="2016-01-14 18:05:16Z" end-time="2016-01-14 18:05:16Z" duration="0.048544" asserts="3" />
                <test-case id="2-1216" name="DefaultCtorIgnoresDelimiterOnFirstLine" fullname="Wyam.Core.Tests.Modules.Control.FrontMatterFixture.DefaultCtorIgnoresDelimiterOnFirstLine" methodname="DefaultCtorIgnoresDelimiterOnFirstLine" classname="Wyam.Core.Tests.Modules.Control.FrontMatterFixture" runstate="Runnable" seed="1453860473" result="Passed" start-time="2016-01-14 18:05:16Z" end-time="2016-01-14 18:05:16Z" duration="0.004534" asserts="3" />
                <test-case id="2-1207" name="DefaultCtorSplitsAtDashes" fullname="Wyam.Core.Tests.Modules.Control.FrontMatterFixture.DefaultCtorSplitsAtDashes" methodname="DefaultCtorSplitsAtDashes" classname="Wyam.Core.Tests.Modules.Control.FrontMatterFixture" runstate="Runnable" seed="151265349" result="Passed" start-time="2016-01-14 18:05:16Z" end-time="2016-01-14 18:05:16Z" duration="0.002791" asserts="3" />
                <test-case id="2-1209" name="MatchingStringSplitsAtCorrectLocation" fullname="Wyam.Core.Tests.Modules.Control.FrontMatterFixture.MatchingStringSplitsAtCorrectLocation" methodname="MatchingStringSplitsAtCorrectLocation" classname="Wyam.Core.Tests.Modules.Control.FrontMatterFixture" runstate="Runnable" seed="469144406" result="Passed" start-time="2016-01-14 18:05:16Z" end-time="2016-01-14 18:05:16Z" duration="0.012683" asserts="3" />
                <test-case id="2-1215" name="MultipleInputDocumentsResultsInMultipleOutputs" fullname="Wyam.Core.Tests.Modules.Control.FrontMatterFixture.MultipleInputDocumentsResultsInMultipleOutputs" methodname="MultipleInputDocumentsResultsInMultipleOutputs" classname="Wyam.Core.Tests.Modules.Control.FrontMatterFixture" runstate="Runnable" seed="420311326" result="Passed" start-time="2016-01-14 18:05:16Z" end-time="2016-01-14 18:05:16Z" duration="0.005895" asserts="4" />
                <test-case id="2-1217" name="NoIgnoreDelimiterOnFirstLine" fullname="Wyam.Core.Tests.Modules.Control.FrontMatterFixture.NoIgnoreDelimiterOnFirstLine" methodname="NoIgnoreDelimiterOnFirstLine" classname="Wyam.Core.Tests.Modules.Control.FrontMatterFixture" runstate="Runnable" seed="934493138" result="Passed" start-time="2016-01-14 18:05:16Z" end-time="2016-01-14 18:05:16Z" duration="0.002532" asserts="3" />
                <test-case id="2-1210" name="SingleCharWithRepeatedDelimiterSplitsAtCorrectLocation" fullname="Wyam.Core.Tests.Modules.Control.FrontMatterFixture.SingleCharWithRepeatedDelimiterSplitsAtCorrectLocation" methodname="SingleCharWithRepeatedDelimiterSplitsAtCorrectLocation" classname="Wyam.Core.Tests.Modules.Control.FrontMatterFixture" runstate="Runnable" seed="696857429" result="Passed" start-time="2016-01-14 18:05:16Z" end-time="2016-01-14 18:05:16Z" duration="0.020437" asserts="3" />
                <test-case id="2-1213" name="SingleCharWithRepeatedDelimiterWithExtraLinesSplitsAtCorrectLocation" fullname="Wyam.Core.Tests.Modules.Control.FrontMatterFixture.SingleCharWithRepeatedDelimiterWithExtraLinesSplitsAtCorrectLocation" methodname="SingleCharWithRepeatedDelimiterWithExtraLinesSplitsAtCorrectLocation" classname="Wyam.Core.Tests.Modules.Control.FrontMatterFixture" runstate="Runnable" seed="1348268557" result="Passed" start-time="2016-01-14 18:05:16Z" end-time="2016-01-14 18:05:16Z" duration="0.014201" asserts="3" />
                <test-case id="2-1212" name="SingleCharWithRepeatedDelimiterWithLeadingSpacesDoesNotSplit" fullname="Wyam.Core.Tests.Modules.Control.FrontMatterFixture.SingleCharWithRepeatedDelimiterWithLeadingSpacesDoesNotSplit" methodname="SingleCharWithRepeatedDelimiterWithLeadingSpacesDoesNotSplit" classname="Wyam.Core.Tests.Modules.Control.FrontMatterFixture" runstate="Runnable" seed="2010762433" result="Passed" start-time="2016-01-14 18:05:16Z" end-time="2016-01-14 18:05:16Z" duration="0.011314" asserts="3" />
                <test-case id="2-1211" name="SingleCharWithRepeatedDelimiterWithTrailingSpacesSplitsAtCorrectLocation" fullname="Wyam.Core.Tests.Modules.Control.FrontMatterFixture.SingleCharWithRepeatedDelimiterWithTrailingSpacesSplitsAtCorrectLocation" methodname="SingleCharWithRepeatedDelimiterWithTrailingSpacesSplitsAtCorrectLocation" classname="Wyam.Core.Tests.Modules.Control.FrontMatterFixture" runstate="Runnable" seed="1327267827" result="Passed" start-time="2016-01-14 18:05:16Z" end-time="2016-01-14 18:05:16Z" duration="0.012034" asserts="3" />
                <test-case id="2-1214" name="SingleCharWithSingleDelimiterSplitsAtCorrectLocation" fullname="Wyam.Core.Tests.Modules.Control.FrontMatterFixture.SingleCharWithSingleDelimiterSplitsAtCorrectLocation" methodname="SingleCharWithSingleDelimiterSplitsAtCorrectLocation" classname="Wyam.Core.Tests.Modules.Control.FrontMatterFixture" runstate="Runnable" seed="33462784" result="Passed" start-time="2016-01-14 18:05:16Z" end-time="2016-01-14 18:05:16Z" duration="0.002383" asserts="3" />
              </test-suite>
              <test-suite type="TestFixture" id="2-1218" name="GroupByFixture" fullname="Wyam.Core.Tests.Modules.Control.GroupByFixture" classname="Wyam.Core.Tests.Modules.Control.GroupByFixture" runstate="Runnable" testcasecount="2" result="Passed" start-time="2016-01-14 18:05:16Z" end-time="2016-01-14 18:05:16Z" duration="0.178127" total="2" passed="2" failed="0" inconclusive="0" skipped="0" asserts="5">
                <properties>
                  <property name="ParallelScope" value="Self, Children" />
                </properties>
                <test-case id="2-1219" name="GroupBySetsCorrectMetadata" fullname="Wyam.Core.Tests.Modules.Control.GroupByFixture.GroupBySetsCorrectMetadata" methodname="GroupBySetsCorrectMetadata" classname="Wyam.Core.Tests.Modules.Control.GroupByFixture" runstate="Runnable" seed="1798877458" result="Passed" start-time="2016-01-14 18:05:16Z" end-time="2016-01-14 18:05:16Z" duration="0.103732" asserts="1" />
                <test-case id="2-1220" name="GroupBySetsDocumentsInMetadata" fullname="Wyam.Core.Tests.Modules.Control.GroupByFixture.GroupBySetsDocumentsInMetadata" methodname="GroupBySetsDocumentsInMetadata" classname="Wyam.Core.Tests.Modules.Control.GroupByFixture" runstate="Runnable" seed="1087171945" result="Passed" start-time="2016-01-14 18:05:16Z" end-time="2016-01-14 18:05:16Z" duration="0.046293" asserts="4" />
              </test-suite>
              <test-suite type="TestFixture" id="2-1221" name="IfFixture" fullname="Wyam.Core.Tests.Modules.Control.IfFixture" classname="Wyam.Core.Tests.Modules.Control.IfFixture" runstate="Runnable" testcasecount="4" result="Passed" start-time="2016-01-14 18:05:16Z" end-time="2016-01-14 18:05:16Z" duration="0.102405" total="4" passed="4" failed="0" inconclusive="0" skipped="0" asserts="48">
                <properties>
                  <property name="ParallelScope" value="Self, Children" />
                </properties>
                <test-case id="2-1223" name="ElseIfResultsInCorrectCounts" fullname="Wyam.Core.Tests.Modules.Control.IfFixture.ElseIfResultsInCorrectCounts" methodname="ElseIfResultsInCorrectCounts" classname="Wyam.Core.Tests.Modules.Control.IfFixture" runstate="Runnable" seed="1151358903" result="Passed" start-time="2016-01-14 18:05:16Z" end-time="2016-01-14 18:05:16Z" duration="0.018315" asserts="12" />
                <test-case id="2-1224" name="ElseResultsInCorrectCounts" fullname="Wyam.Core.Tests.Modules.Control.IfFixture.ElseResultsInCorrectCounts" methodname="ElseResultsInCorrectCounts" classname="Wyam.Core.Tests.Modules.Control.IfFixture" runstate="Runnable" seed="1513302308" result="Passed" start-time="2016-01-14 18:05:16Z" end-time="2016-01-14 18:05:16Z" duration="0.013811" asserts="12" />
                <test-case id="2-1225" name="IfElseAndElseResultsInCorrectCounts" fullname="Wyam.Core.Tests.Modules.Control.IfFixture.IfElseAndElseResultsInCorrectCounts" methodname="IfElseAndElseResultsInCorrectCounts" classname="Wyam.Core.Tests.Modules.Control.IfFixture" runstate="Runnable" seed="755223665" result="Passed" start-time="2016-01-14 18:05:16Z" end-time="2016-01-14 18:05:16Z" duration="0.024077" asserts="15" />
                <test-case id="2-1222" name="IfResultsInCorrectCounts" fullname="Wyam.Core.Tests.Modules.Control.IfFixture.IfResultsInCorrectCounts" methodname="IfResultsInCorrectCounts" classname="Wyam.Core.Tests.Modules.Control.IfFixture" runstate="Runnable" seed="468763152" result="Passed" start-time="2016-01-14 18:05:16Z" end-time="2016-01-14 18:05:16Z" duration="0.016999" asserts="9" />
              </test-suite>
              <test-suite type="TestFixture" id="2-1226" name="OrderByFixture" fullname="Wyam.Core.Tests.Modules.Control.OrderByFixture" classname="Wyam.Core.Tests.Modules.Control.OrderByFixture" runstate="Runnable" testcasecount="6" result="Passed" start-time="2016-01-14 18:05:16Z" end-time="2016-01-14 18:05:16Z" duration="0.157467" total="6" passed="6" failed="0" inconclusive="0" skipped="0" asserts="12">
                <properties>
                  <property name="ParallelScope" value="Self, Children" />
                </properties>
                <test-case id="2-1232" name="OrderByOrdersDescendingThenByInAscendingOrder" fullname="Wyam.Core.Tests.Modules.Control.OrderByFixture.OrderByOrdersDescendingThenByInAscendingOrder" methodname="OrderByOrdersDescendingThenByInAscendingOrder" classname="Wyam.Core.Tests.Modules.Control.OrderByFixture" runstate="Runnable" seed="2054000197" result="Passed" start-time="2016-01-14 18:05:16Z" end-time="2016-01-14 18:05:16Z" duration="0.007241" asserts="2" />
                <test-case id="2-1231" name="OrderByOrdersDescendingThenByInDescendingOrder" fullname="Wyam.Core.Tests.Modules.Control.OrderByFixture.OrderByOrdersDescendingThenByInDescendingOrder" methodname="OrderByOrdersDescendingThenByInDescendingOrder" classname="Wyam.Core.Tests.Modules.Control.OrderByFixture" runstate="Runnable" seed="503207422" result="Passed" start-time="2016-01-14 18:05:16Z" end-time="2016-01-14 18:05:16Z" duration="0.022779" asserts="2" />
                <test-case id="2-1227" name="OrderByOrdersInAscendingOrder" fullname="Wyam.Core.Tests.Modules.Control.OrderByFixture.OrderByOrdersInAscendingOrder" methodname="OrderByOrdersInAscendingOrder" classname="Wyam.Core.Tests.Modules.Control.OrderByFixture" runstate="Runnable" seed="608834516" result="Passed" start-time="2016-01-14 18:05:16Z" end-time="2016-01-14 18:05:16Z" duration="0.004639" asserts="2" />
                <test-case id="2-1228" name="OrderByOrdersInDescendingOrder" fullname="Wyam.Core.Tests.Modules.Control.OrderByFixture.OrderByOrdersInDescendingOrder" methodname="OrderByOrdersInDescendingOrder" classname="Wyam.Core.Tests.Modules.Control.OrderByFixture" runstate="Runnable" seed="1818354591" result="Passed" start-time="2016-01-14 18:05:16Z" end-time="2016-01-14 18:05:16Z" duration="0.004072" asserts="2" />
                <test-case id="2-1229" name="OrderByOrdersThenByInAscendingOrder" fullname="Wyam.Core.Tests.Modules.Control.OrderByFixture.OrderByOrdersThenByInAscendingOrder" methodname="OrderByOrdersThenByInAscendingOrder" classname="Wyam.Core.Tests.Modules.Control.OrderByFixture" runstate="Runnable" seed="1108986645" result="Passed" start-time="2016-01-14 18:05:16Z" end-time="2016-01-14 18:05:16Z" duration="0.094220" asserts="2" />
                <test-case id="2-1230" name="OrderByOrdersThenByInDescendingOrder" fullname="Wyam.Core.Tests.Modules.Control.OrderByFixture.OrderByOrdersThenByInDescendingOrder" methodname="OrderByOrdersThenByInDescendingOrder" classname="Wyam.Core.Tests.Modules.Control.OrderByFixture" runstate="Runnable" seed="505886385" result="Passed" start-time="2016-01-14 18:05:16Z" end-time="2016-01-14 18:05:16Z" duration="0.008432" asserts="2" />
              </test-suite>
              <test-suite type="TestFixture" id="2-1233" name="PaginateFixture" fullname="Wyam.Core.Tests.Modules.Control.PaginateFixture" classname="Wyam.Core.Tests.Modules.Control.PaginateFixture" runstate="Runnable" testcasecount="2" result="Passed" start-time="2016-01-14 18:05:16Z" end-time="2016-01-14 18:05:16Z" duration="0.094616" total="2" passed="2" failed="0" inconclusive="0" skipped="0" asserts="8">
                <properties>
                  <property name="ParallelScope" value="Self, Children" />
                </properties>
                <test-case id="2-1234" name="PaginateSetsCorrectMetadata" fullname="Wyam.Core.Tests.Modules.Control.PaginateFixture.PaginateSetsCorrectMetadata" methodname="PaginateSetsCorrectMetadata" classname="Wyam.Core.Tests.Modules.Control.PaginateFixture" runstate="Runnable" seed="1798296626" result="Passed" start-time="2016-01-14 18:05:16Z" end-time="2016-01-14 18:05:16Z" duration="0.031299" asserts="4" />
                <test-case id="2-1235" name="PaginateSetsDocumentsInMetadata" fullname="Wyam.Core.Tests.Modules.Control.PaginateFixture.PaginateSetsDocumentsInMetadata" methodname="PaginateSetsDocumentsInMetadata" classname="Wyam.Core.Tests.Modules.Control.PaginateFixture" runstate="Runnable" seed="455765692" result="Passed" start-time="2016-01-14 18:05:16Z" end-time="2016-01-14 18:05:16Z" duration="0.034320" asserts="4" />
              </test-suite>
              <test-suite type="TestFixture" id="2-1236" name="SwitchFixture" fullname="Wyam.Core.Tests.Modules.Control.SwitchFixture" classname="Wyam.Core.Tests.Modules.Control.SwitchFixture" runstate="Runnable" testcasecount="5" result="Passed" start-time="2016-01-14 18:05:16Z" end-time="2016-01-14 18:05:17Z" duration="0.148831" total="5" passed="5" failed="0" inconclusive="0" skipped="0" asserts="20">
                <properties>
                  <property name="ParallelScope" value="Self, Children" />
                </properties>
                <test-case id="2-1240" name="ArrayInCaseResultsInCorrectCounts" fullname="Wyam.Core.Tests.Modules.Control.SwitchFixture.ArrayInCaseResultsInCorrectCounts" methodname="ArrayInCaseResultsInCorrectCounts" classname="Wyam.Core.Tests.Modules.Control.SwitchFixture" runstate="Runnable" seed="419527822" result="Passed" start-time="2016-01-14 18:05:16Z" end-time="2016-01-14 18:05:16Z" duration="0.007637" asserts="5" />
                <test-case id="2-1239" name="MissingDefaultResultsInCorrectCounts" fullname="Wyam.Core.Tests.Modules.Control.SwitchFixture.MissingDefaultResultsInCorrectCounts" methodname="MissingDefaultResultsInCorrectCounts" classname="Wyam.Core.Tests.Modules.Control.SwitchFixture" runstate="Runnable" seed="1601967804" result="Passed" start-time="2016-01-14 18:05:16Z" end-time="2016-01-14 18:05:16Z" duration="0.021031" asserts="5" />
                <test-case id="2-1241" name="OmittingCasesAndDefaultResultsInCorrectCounts" fullname="Wyam.Core.Tests.Modules.Control.SwitchFixture.OmittingCasesAndDefaultResultsInCorrectCounts" methodname="OmittingCasesAndDefaultResultsInCorrectCounts" classname="Wyam.Core.Tests.Modules.Control.SwitchFixture" runstate="Runnable" seed="1811611789" result="Passed" start-time="2016-01-14 18:05:16Z" end-time="2016-01-14 18:05:17Z" duration="0.001931" asserts="1" />
                <test-case id="2-1238" name="SwitchNoCasesResultsInCorrectCounts" fullname="Wyam.Core.Tests.Modules.Control.SwitchFixture.SwitchNoCasesResultsInCorrectCounts" methodname="SwitchNoCasesResultsInCorrectCounts" classname="Wyam.Core.Tests.Modules.Control.SwitchFixture" runstate="Runnable" seed="210004107" result="Passed" start-time="2016-01-14 18:05:17Z" end-time="2016-01-14 18:05:17Z" duration="0.002700" asserts="5" />
                <test-case id="2-1237" name="SwitchResultsInCorrectCounts" fullname="Wyam.Core.Tests.Modules.Control.SwitchFixture.SwitchResultsInCorrectCounts" methodname="SwitchResultsInCorrectCounts" classname="Wyam.Core.Tests.Modules.Control.SwitchFixture" runstate="Runnable" seed="247950219" result="Passed" start-time="2016-01-14 18:05:17Z" end-time="2016-01-14 18:05:17Z" duration="0.015475" asserts="4" />
              </test-suite>
            </test-suite>
            <test-suite type="TestSuite" id="2-1308" name="Extensibility" fullname="Wyam.Core.Tests.Modules.Extensibility" runstate="Runnable" testcasecount="5" result="Passed" start-time="2016-01-14 18:05:03Z" end-time="2016-01-14 18:05:17Z" duration="13.412478" total="5" passed="5" failed="0" inconclusive="0" skipped="0" asserts="3">
              <test-suite type="TestFixture" id="2-1080" name="ExecuteFixture" fullname="Wyam.Core.Tests.Modules.Extensibility.ExecuteFixture" classname="Wyam.Core.Tests.Modules.Extensibility.ExecuteFixture" runstate="Runnable" testcasecount="2" result="Passed" start-time="2016-01-14 18:05:17Z" end-time="2016-01-14 18:05:17Z" duration="0.003409" total="2" passed="2" failed="0" inconclusive="0" skipped="0" asserts="0">
                <properties>
                  <property name="ParallelScope" value="Self, Children" />
                </properties>
                <test-case id="2-1082" name="ExecuteDoesNotThrowForNullResultWithContextConfig" fullname="Wyam.Core.Tests.Modules.Extensibility.ExecuteFixture.ExecuteDoesNotThrowForNullResultWithContextConfig" methodname="ExecuteDoesNotThrowForNullResultWithContextConfig" classname="Wyam.Core.Tests.Modules.Extensibility.ExecuteFixture" runstate="Runnable" seed="883732920" result="Passed" start-time="2016-01-14 18:05:17Z" end-time="2016-01-14 18:05:17Z" duration="0.001688" asserts="0" />
                <test-case id="2-1081" name="ExecuteDoesNotThrowForNullResultWithDocumentConfig" fullname="Wyam.Core.Tests.Modules.Extensibility.ExecuteFixture.ExecuteDoesNotThrowForNullResultWithDocumentConfig" methodname="ExecuteDoesNotThrowForNullResultWithDocumentConfig" classname="Wyam.Core.Tests.Modules.Extensibility.ExecuteFixture" runstate="Runnable" seed="1016902467" result="Passed" start-time="2016-01-14 18:05:17Z" end-time="2016-01-14 18:05:17Z" duration="0.001215" asserts="0" />
              </test-suite>
              <test-suite type="TestFixture" id="2-1083" name="TraceFixture" fullname="Wyam.Core.Tests.Modules.Extensibility.TraceFixture" classname="Wyam.Core.Tests.Modules.Extensibility.TraceFixture" runstate="Runnable" testcasecount="3" result="Passed" start-time="2016-01-14 18:05:17Z" end-time="2016-01-14 18:05:17Z" duration="0.341417" total="3" passed="3" failed="0" inconclusive="0" skipped="0" asserts="3">
                <properties>
                  <property name="ParallelScope" value="Self, Children" />
                </properties>
                <test-suite type="ParameterizedMethod" id="2-1087" name="TestTraceListenerThrowsOnErrorOrWarning" fullname="Wyam.Core.Tests.Modules.Extensibility.TraceFixture.TestTraceListenerThrowsOnErrorOrWarning" runstate="Runnable" testcasecount="3" result="Passed" start-time="2016-01-14 18:05:17Z" end-time="2016-01-14 18:05:17Z" duration="0.341077" total="3" passed="3" failed="0" inconclusive="0" skipped="0" asserts="3">
                  <test-case id="2-1084" name="TestTraceListenerThrowsOnErrorOrWarning(Critical)" fullname="Wyam.Core.Tests.Modules.Extensibility.TraceFixture.TestTraceListenerThrowsOnErrorOrWarning(Critical)" methodname="TestTraceListenerThrowsOnErrorOrWarning" classname="Wyam.Core.Tests.Modules.Extensibility.TraceFixture" runstate="Runnable" seed="1710867645" result="Passed" start-time="2016-01-14 18:05:17Z" end-time="2016-01-14 18:05:17Z" duration="0.251779" asserts="1" />
                  <test-case id="2-1085" name="TestTraceListenerThrowsOnErrorOrWarning(Error)" fullname="Wyam.Core.Tests.Modules.Extensibility.TraceFixture.TestTraceListenerThrowsOnErrorOrWarning(Error)" methodname="TestTraceListenerThrowsOnErrorOrWarning" classname="Wyam.Core.Tests.Modules.Extensibility.TraceFixture" runstate="Runnable" seed="2125846932" result="Passed" start-time="2016-01-14 18:05:17Z" end-time="2016-01-14 18:05:17Z" duration="0.027896" asserts="1" />
                  <test-case id="2-1086" name="TestTraceListenerThrowsOnErrorOrWarning(Warning)" fullname="Wyam.Core.Tests.Modules.Extensibility.TraceFixture.TestTraceListenerThrowsOnErrorOrWarning(Warning)" methodname="TestTraceListenerThrowsOnErrorOrWarning" classname="Wyam.Core.Tests.Modules.Extensibility.TraceFixture" runstate="Runnable" seed="304926013" result="Passed" start-time="2016-01-14 18:05:17Z" end-time="2016-01-14 18:05:17Z" duration="0.001693" asserts="1" />
                </test-suite>
              </test-suite>
            </test-suite>
            <test-suite type="TestSuite" id="2-1310" name="IO" fullname="Wyam.Core.Tests.Modules.IO" runstate="Runnable" testcasecount="53" result="Passed" start-time="2016-01-14 18:05:03Z" end-time="2016-01-14 18:05:24Z" duration="21.000649" total="53" passed="53" failed="0" inconclusive="0" skipped="0" asserts="85">
              <test-suite type="TestFixture" id="2-1135" name="CopyFilesFixture" fullname="Wyam.Core.Tests.Modules.IO.CopyFilesFixture" classname="Wyam.Core.Tests.Modules.IO.CopyFilesFixture" runstate="Runnable" testcasecount="6" result="Passed" start-time="2016-01-14 18:05:04Z" end-time="2016-01-14 18:05:08Z" duration="4.772505" total="6" passed="6" failed="0" inconclusive="0" skipped="0" asserts="19">
                <test-case id="2-1139" name="CopyFolderFromAboveInputPath" fullname="Wyam.Core.Tests.Modules.IO.CopyFilesFixture.CopyFolderFromAboveInputPath" methodname="CopyFolderFromAboveInputPath" classname="Wyam.Core.Tests.Modules.IO.CopyFilesFixture" runstate="Runnable" seed="1558694745" result="Passed" start-time="2016-01-14 18:05:04Z" end-time="2016-01-14 18:05:07Z" duration="2.992446" asserts="4" />
                <test-case id="2-1140" name="CopyFolderFromAbsolutePath" fullname="Wyam.Core.Tests.Modules.IO.CopyFilesFixture.CopyFolderFromAbsolutePath" methodname="CopyFolderFromAbsolutePath" classname="Wyam.Core.Tests.Modules.IO.CopyFilesFixture" runstate="Runnable" seed="2114311070" result="Passed" start-time="2016-01-14 18:05:07Z" end-time="2016-01-14 18:05:07Z" duration="0.318243" asserts="4" />
                <test-case id="2-1141" name="CopyNonExistentFolder" fullname="Wyam.Core.Tests.Modules.IO.CopyFilesFixture.CopyNonExistentFolder" methodname="CopyNonExistentFolder" classname="Wyam.Core.Tests.Modules.IO.CopyFilesFixture" runstate="Runnable" seed="333068343" result="Passed" start-time="2016-01-14 18:05:07Z" end-time="2016-01-14 18:05:07Z" duration="0.124323" asserts="0" />
                <test-case id="2-1138" name="CopySubFolder" fullname="Wyam.Core.Tests.Modules.IO.CopyFilesFixture.CopySubFolder" methodname="CopySubFolder" classname="Wyam.Core.Tests.Modules.IO.CopyFilesFixture" runstate="Runnable" seed="1479193744" result="Passed" start-time="2016-01-14 18:05:07Z" end-time="2016-01-14 18:05:08Z" duration="0.264395" asserts="3" />
                <test-case id="2-1136" name="CopyWithSearchPatternRecursive" fullname="Wyam.Core.Tests.Modules.IO.CopyFilesFixture.CopyWithSearchPatternRecursive" methodname="CopyWithSearchPatternRecursive" classname="Wyam.Core.Tests.Modules.IO.CopyFilesFixture" runstate="Runnable" seed="797236195" result="Passed" start-time="2016-01-14 18:05:08Z" end-time="2016-01-14 18:05:08Z" duration="0.072264" asserts="5" />
                <test-case id="2-1137" name="CopyWithSearchPatternTopDirectoryOnly" fullname="Wyam.Core.Tests.Modules.IO.CopyFilesFixture.CopyWithSearchPatternTopDirectoryOnly" methodname="CopyWithSearchPatternTopDirectoryOnly" classname="Wyam.Core.Tests.Modules.IO.CopyFilesFixture" runstate="Runnable" seed="273136287" result="Passed" start-time="2016-01-14 18:05:08Z" end-time="2016-01-14 18:05:08Z" duration="0.386801" asserts="3" />
              </test-suite>
              <test-suite type="TestFixture" id="2-1147" name="ReadFilesFixture" fullname="Wyam.Core.Tests.Modules.IO.ReadFilesFixture" classname="Wyam.Core.Tests.Modules.IO.ReadFilesFixture" runstate="Runnable" testcasecount="29" result="Passed" start-time="2016-01-14 18:05:09Z" end-time="2016-01-14 18:05:11Z" duration="2.907122" total="29" passed="29" failed="0" inconclusive="0" skipped="0" asserts="29">
                <test-case id="2-1163" name="ExecuteGetsCorrectContent" fullname="Wyam.Core.Tests.Modules.IO.ReadFilesFixture.ExecuteGetsCorrectContent" methodname="ExecuteGetsCorrectContent" classname="Wyam.Core.Tests.Modules.IO.ReadFilesFixture" runstate="Runnable" seed="781143603" result="Passed" start-time="2016-01-14 18:05:09Z" end-time="2016-01-14 18:05:09Z" duration="0.348508" asserts="1" />
                <test-suite type="ParameterizedMethod" id="2-1174" name="ReadFilesSetsMetadata" fullname="Wyam.Core.Tests.Modules.IO.ReadFilesFixture.ReadFilesSetsMetadata" runstate="Runnable" testcasecount="10" result="Passed" start-time="2016-01-14 18:05:09Z" end-time="2016-01-14 18:05:11Z" duration="1.728740" total="10" passed="10" failed="0" inconclusive="0" skipped="0" asserts="10">
                  <test-case id="2-1164" name="ReadFilesSetsMetadata(&quot;SourceFileRoot&quot;,&quot;TestFiles\\Input&quot;)" fullname="Wyam.Core.Tests.Modules.IO.ReadFilesFixture.ReadFilesSetsMetadata(&quot;SourceFileRoot&quot;,&quot;TestFiles\\Input&quot;)" methodname="ReadFilesSetsMetadata" classname="Wyam.Core.Tests.Modules.IO.ReadFilesFixture" runstate="Runnable" seed="1137226022" result="Passed" start-time="2016-01-14 18:05:09Z" end-time="2016-01-14 18:05:09Z" duration="0.121362" asserts="1" />
[...]
              <test-case id="9-1005" name="LoadLayoutFile" fullname="Wyam.Modules.Razor.Tests.RazorFixture.LoadLayoutFile" methodname="LoadLayoutFile" classname="Wyam.Modules.Razor.Tests.RazorFixture" runstate="Runnable" seed="813987263" result="Passed" start-time="2016-01-14 18:05:24Z" end-time="2016-01-14 18:05:24Z" duration="0.066072" asserts="2" />
              <test-case id="9-1004" name="LoadSimpleTemplateFile" fullname="Wyam.Modules.Razor.Tests.RazorFixture.LoadSimpleTemplateFile" methodname="LoadSimpleTemplateFile" classname="Wyam.Modules.Razor.Tests.RazorFixture" runstate="Runnable" seed="277322916" result="Passed" start-time="2016-01-14 18:05:24Z" end-time="2016-01-14 18:05:25Z" duration="0.240010" asserts="2" />
              <test-case id="9-1006" name="LoadViewStartAndLayoutFile" fullname="Wyam.Modules.Razor.Tests.RazorFixture.LoadViewStartAndLayoutFile" methodname="LoadViewStartAndLayoutFile" classname="Wyam.Modules.Razor.Tests.RazorFixture" runstate="Runnable" seed="1896201078" result="Passed" start-time="2016-01-14 18:05:25Z" end-time="2016-01-14 18:05:25Z" duration="0.170355" asserts="2" />
              <test-case id="9-1003" name="Metadata" fullname="Wyam.Modules.Razor.Tests.RazorFixture.Metadata" methodname="Metadata" classname="Wyam.Modules.Razor.Tests.RazorFixture" runstate="Runnable" seed="993609143" result="Passed" start-time="2016-01-14 18:05:25Z" end-time="2016-01-14 18:05:38Z" duration="13.304508" asserts="0" />
              <test-case id="9-1010" name="RenderLayoutSection" fullname="Wyam.Modules.Razor.Tests.RazorFixture.RenderLayoutSection" methodname="RenderLayoutSection" classname="Wyam.Modules.Razor.Tests.RazorFixture" runstate="Runnable" seed="1687410536" result="Passed" start-time="2016-01-14 18:05:38Z" end-time="2016-01-14 18:05:39Z" duration="0.369126" asserts="2" />
              <test-case id="9-1011" name="RenderLayoutSectionOnMultipleExecution" fullname="Wyam.Modules.Razor.Tests.RazorFixture.RenderLayoutSectionOnMultipleExecution" methodname="RenderLayoutSectionOnMultipleExecution" classname="Wyam.Modules.Razor.Tests.RazorFixture" runstate="Runnable" seed="1152481947" result="Passed" start-time="2016-01-14 18:05:39Z" end-time="2016-01-14 18:05:39Z" duration="0.100719" asserts="2" />
              <test-case id="9-1001" name="SimpleTemplate" fullname="Wyam.Modules.Razor.Tests.RazorFixture.SimpleTemplate" methodname="SimpleTemplate" classname="Wyam.Modules.Razor.Tests.RazorFixture" runstate="Runnable" seed="798259755" result="Passed" start-time="2016-01-14 18:05:39Z" end-time="2016-01-14 18:05:42Z" duration="3.187141" asserts="0" />
              <test-case id="9-1002" name="Tracing" fullname="Wyam.Modules.Razor.Tests.RazorFixture.Tracing" methodname="Tracing" classname="Wyam.Modules.Razor.Tests.RazorFixture" runstate="Runnable" seed="1630670862" result="Passed" start-time="2016-01-14 18:05:42Z" end-time="2016-01-14 18:05:44Z" duration="1.861944" asserts="0" />
            </test-suite>
          </test-suite>
        </test-suite>
      </test-suite>
    </test-suite>
  </test-suite>
  <test-suite type="Assembly" id="10-1005" name="Wyam.Modules.Tables.Tests.dll" fullname="E:\Code\Wyam\src\Wyam.Modules.Tables.Tests\bin\Release\Wyam.Modules.Tables.Tests.dll" runstate="Runnable" testcasecount="3" result="Passed" start-time="2016-01-14 18:05:03Z" end-time="2016-01-14 18:05:11Z" duration="7.468699" total="3" passed="3" failed="0" inconclusive="0" skipped="0" asserts="0">
    <environment framework-version="3.0.5813.39031" clr-version="4.0.30319.42000" os-version="Microsoft Windows NT 6.1.7601 Service Pack 1" platform="Win32NT" cwd="E:\Code\Wyam" machine-name="SIPCXLT42" user="dglick" user-domain="SIPC" culture="en-US" uiculture="en-US" os-architecture="x64" />
    <settings>
      <setting name="WorkDirectory" value="E:\Code\Wyam" />
      <setting name="RuntimeFramework" value="net-4.0" />
      <setting name="NumberOfTestWorkers" value="4" />
    </settings>
    <properties>
      <property name="_PID" value="14168" />
      <property name="_APPDOMAIN" value="test-domain-Wyam.Modules.Tables.Tests.dll" />
    </properties>
    <test-suite type="TestSuite" id="10-1006" name="Wyam" fullname="Wyam" runstate="Runnable" testcasecount="3" result="Passed" start-time="2016-01-14 18:05:03Z" end-time="2016-01-14 18:05:11Z" duration="7.413438" total="3" passed="3" failed="0" inconclusive="0" skipped="0" asserts="0">
      <test-suite type="TestSuite" id="10-1007" name="Modules" fullname="Wyam.Modules" runstate="Runnable" testcasecount="3" result="Passed" start-time="2016-01-14 18:05:03Z" end-time="2016-01-14 18:05:11Z" duration="7.407885" total="3" passed="3" failed="0" inconclusive="0" skipped="0" asserts="0">
        <test-suite type="TestSuite" id="10-1008" name="Tables" fullname="Wyam.Modules.Tables" runstate="Runnable" testcasecount="3" result="Passed" start-time="2016-01-14 18:05:03Z" end-time="2016-01-14 18:05:11Z" duration="7.389051" total="3" passed="3" failed="0" inconclusive="0" skipped="0" asserts="0">
          <test-suite type="TestSuite" id="10-1009" name="Tests" fullname="Wyam.Modules.Tables.Tests" runstate="Runnable" testcasecount="3" result="Passed" start-time="2016-01-14 18:05:03Z" end-time="2016-01-14 18:05:11Z" duration="7.287377" total="3" passed="3" failed="0" inconclusive="0" skipped="0" asserts="0">
            <test-suite type="TestFixture" id="10-1000" name="CsvToHtmlFixture" fullname="Wyam.Modules.Tables.Tests.CsvToHtmlFixture" classname="Wyam.Modules.Tables.Tests.CsvToHtmlFixture" runstate="Runnable" testcasecount="2" result="Passed" start-time="2016-01-14 18:05:03Z" end-time="2016-01-14 18:05:07Z" duration="3.997794" total="2" passed="2" failed="0" inconclusive="0" skipped="0" asserts="0">
              <test-case id="10-1002" name="TestHeadder" fullname="Wyam.Modules.Tables.Tests.CsvToHtmlFixture.TestHeadder" methodname="TestHeadder" classname="Wyam.Modules.Tables.Tests.CsvToHtmlFixture" runstate="Runnable" seed="1630670862" result="Passed" start-time="2016-01-14 18:05:04Z" end-time="2016-01-14 18:05:07Z" duration="3.662320" asserts="0" />
              <test-case id="10-1001" name="TestWithoutHeadder" fullname="Wyam.Modules.Tables.Tests.CsvToHtmlFixture.TestWithoutHeadder" methodname="TestWithoutHeadder" classname="Wyam.Modules.Tables.Tests.CsvToHtmlFixture" runstate="Runnable" seed="798259755" result="Passed" start-time="2016-01-14 18:05:07Z" end-time="2016-01-14 18:05:07Z" duration="0.038467" asserts="0" />
            </test-suite>
            <test-suite type="TestFixture" id="10-1003" name="ExcelToCsvFixture" fullname="Wyam.Modules.Tables.Tests.ExcelToCsvFixture" classname="Wyam.Modules.Tables.Tests.ExcelToCsvFixture" runstate="Runnable" testcasecount="1" result="Passed" start-time="2016-01-14 18:05:08Z" end-time="2016-01-14 18:05:11Z" duration="3.052333" total="1" passed="1" failed="0" inconclusive="0" skipped="0" asserts="0">
              <test-case id="10-1004" name="TestXlsx" fullname="Wyam.Modules.Tables.Tests.ExcelToCsvFixture.TestXlsx" methodname="TestXlsx" classname="Wyam.Modules.Tables.Tests.ExcelToCsvFixture" runstate="Runnable" seed="17143493" result="Passed" start-time="2016-01-14 18:05:08Z" end-time="2016-01-14 18:05:11Z" duration="2.985634" asserts="0" />
            </test-suite>
          </test-suite>
        </test-suite>
      </test-suite>
    </test-suite>
  </test-suite>
  <test-suite type="Assembly" id="11-1004" name="Wyam.Modules.TextGeneration.Tests.dll" fullname="E:\Code\Wyam\src\Wyam.Modules.TextGeneration.Tests\bin\Release\Wyam.Modules.TextGeneration.Tests.dll" runstate="Runnable" testcasecount="2" result="Passed" start-time="2016-01-14 18:05:03Z" end-time="2016-01-14 18:05:10Z" duration="6.737271" total="2" passed="2" failed="0" inconclusive="0" skipped="0" asserts="0">
    <environment framework-version="3.0.5813.39031" clr-version="4.0.30319.42000" os-version="Microsoft Windows NT 6.1.7601 Service Pack 1" platform="Win32NT" cwd="E:\Code\Wyam" machine-name="SIPCXLT42" user="dglick" user-domain="SIPC" culture="en-US" uiculture="en-US" os-architecture="x64" />
    <settings>
      <setting name="WorkDirectory" value="E:\Code\Wyam" />
      <setting name="RuntimeFramework" value="net-4.0" />
      <setting name="NumberOfTestWorkers" value="4" />
    </settings>
    <properties>
      <property name="_PID" value="13044" />
      <property name="_APPDOMAIN" value="test-domain-Wyam.Modules.TextGeneration.Tests.dll" />
    </properties>
    <test-suite type="TestSuite" id="11-1005" name="Wyam" fullname="Wyam" runstate="Runnable" testcasecount="2" result="Passed" start-time="2016-01-14 18:05:03Z" end-time="2016-01-14 18:05:10Z" duration="6.706215" total="2" passed="2" failed="0" inconclusive="0" skipped="0" asserts="0">
      <test-suite type="TestSuite" id="11-1006" name="Modules" fullname="Wyam.Modules" runstate="Runnable" testcasecount="2" result="Passed" start-time="2016-01-14 18:05:03Z" end-time="2016-01-14 18:05:10Z" duration="6.705860" total="2" passed="2" failed="0" inconclusive="0" skipped="0" asserts="0">
        <test-suite type="TestSuite" id="11-1007" name="TextGeneration" fullname="Wyam.Modules.TextGeneration" runstate="Runnable" testcasecount="2" result="Passed" start-time="2016-01-14 18:05:03Z" end-time="2016-01-14 18:05:10Z" duration="6.705412" total="2" passed="2" failed="0" inconclusive="0" skipped="0" asserts="0">
          <test-suite type="TestSuite" id="11-1008" name="Tests" fullname="Wyam.Modules.TextGeneration.Tests" runstate="Runnable" testcasecount="2" result="Passed" start-time="2016-01-14 18:05:03Z" end-time="2016-01-14 18:05:10Z" duration="6.704487" total="2" passed="2" failed="0" inconclusive="0" skipped="0" asserts="0">
            <test-suite type="TestFixture" id="11-1000" name="GenerateContentFixture" fullname="Wyam.Modules.TextGeneration.Tests.GenerateContentFixture" classname="Wyam.Modules.TextGeneration.Tests.GenerateContentFixture" runstate="Runnable" testcasecount="1" result="Passed" start-time="2016-01-14 18:05:03Z" end-time="2016-01-14 18:05:09Z" duration="5.333100" total="1" passed="1" failed="0" inconclusive="0" skipped="0" asserts="0">
              <test-case id="11-1001" name="GeneratingContentFromStringTemplateSetsContent" fullname="Wyam.Modules.TextGeneration.Tests.GenerateContentFixture.GeneratingContentFromStringTemplateSetsContent" methodname="GeneratingContentFromStringTemplateSetsContent" classname="Wyam.Modules.TextGeneration.Tests.GenerateContentFixture" runstate="Runnable" seed="798259755" result="Passed" start-time="2016-01-14 18:05:03Z" end-time="2016-01-14 18:05:08Z" duration="5.202438" asserts="0" />
            </test-suite>
            <test-suite type="TestFixture" id="11-1002" name="GenerateMetaFixture" fullname="Wyam.Modules.TextGeneration.Tests.GenerateMetaFixture" classname="Wyam.Modules.TextGeneration.Tests.GenerateMetaFixture" runstate="Runnable" testcasecount="1" result="Passed" start-time="2016-01-14 18:05:09Z" end-time="2016-01-14 18:05:10Z" duration="1.260323" total="1" passed="1" failed="0" inconclusive="0" skipped="0" asserts="0">
              <test-case id="11-1003" name="GeneratingMetadataFromStringTemplateSetsContent" fullname="Wyam.Modules.TextGeneration.Tests.GenerateMetaFixture.GeneratingMetadataFromStringTemplateSetsContent" methodname="GeneratingMetadataFromStringTemplateSetsContent" classname="Wyam.Modules.TextGeneration.Tests.GenerateMetaFixture" runstate="Runnable" seed="1801850340" result="Passed" start-time="2016-01-14 18:05:09Z" end-time="2016-01-14 18:05:10Z" duration="1.209708" asserts="0" />
            </test-suite>
          </test-suite>
        </test-suite>
      </test-suite>
    </test-suite>
  </test-suite>
  <test-suite type="Assembly" id="12-1005" name="Wyam.Modules.Xmp.Tests.dll" fullname="E:\Code\Wyam\src\Wyam.Modules.Xmp.Tests\bin\Release\Wyam.Modules.Xmp.Tests.dll" runstate="Runnable" testcasecount="4" result="Passed" start-time="2016-01-14 18:05:03Z" end-time="2016-01-14 18:05:09Z" duration="5.632610" total="4" passed="4" failed="0" inconclusive="0" skipped="0" asserts="6">
    <environment framework-version="3.0.5813.39031" clr-version="4.0.30319.42000" os-version="Microsoft Windows NT 6.1.7601 Service Pack 1" platform="Win32NT" cwd="E:\Code\Wyam" machine-name="SIPCXLT42" user="dglick" user-domain="SIPC" culture="en-US" uiculture="en-US" os-architecture="x64" />
    <settings>
      <setting name="WorkDirectory" value="E:\Code\Wyam" />
      <setting name="RuntimeFramework" value="net-4.0" />
      <setting name="NumberOfTestWorkers" value="4" />
    </settings>
    <properties>
      <property name="_PID" value="11824" />
      <property name="_APPDOMAIN" value="test-domain-Wyam.Modules.Xmp.Tests.dll" />
    </properties>
    <test-suite type="TestSuite" id="12-1006" name="Wyam" fullname="Wyam" runstate="Runnable" testcasecount="4" result="Passed" start-time="2016-01-14 18:05:03Z" end-time="2016-01-14 18:05:09Z" duration="5.583978" total="4" passed="4" failed="0" inconclusive="0" skipped="0" asserts="6">
      <test-suite type="TestSuite" id="12-1007" name="Core" fullname="Wyam.Core" runstate="Runnable" testcasecount="4" result="Passed" start-time="2016-01-14 18:05:03Z" end-time="2016-01-14 18:05:09Z" duration="5.570162" total="4" passed="4" failed="0" inconclusive="0" skipped="0" asserts="6">
        <test-suite type="TestSuite" id="12-1008" name="Tests" fullname="Wyam.Core.Tests" runstate="Runnable" testcasecount="4" result="Passed" start-time="2016-01-14 18:05:03Z" end-time="2016-01-14 18:05:09Z" duration="5.507445" total="4" passed="4" failed="0" inconclusive="0" skipped="0" asserts="6">
          <test-suite type="TestSuite" id="12-1009" name="Modules" fullname="Wyam.Core.Tests.Modules" runstate="Runnable" testcasecount="4" result="Passed" start-time="2016-01-14 18:05:03Z" end-time="2016-01-14 18:05:09Z" duration="5.408786" total="4" passed="4" failed="0" inconclusive="0" skipped="0" asserts="6">
            <test-suite type="TestFixture" id="12-1000" name="XmpFixture" fullname="Wyam.Core.Tests.Modules.XmpFixture" classname="Wyam.Core.Tests.Modules.XmpFixture" runstate="Runnable" testcasecount="4" result="Passed" start-time="2016-01-14 18:05:03Z" end-time="2016-01-14 18:05:09Z" duration="5.308607" total="4" passed="4" failed="0" inconclusive="0" skipped="0" asserts="6">
              <test-case id="12-1003" name="DontSkipMissingMandetory" fullname="Wyam.Core.Tests.Modules.XmpFixture.DontSkipMissingMandetory" methodname="DontSkipMissingMandetory" classname="Wyam.Core.Tests.Modules.XmpFixture" runstate="Runnable" seed="993609143" result="Passed" start-time="2016-01-14 18:05:03Z" end-time="2016-01-14 18:05:08Z" duration="4.567618" asserts="1" />
              <test-case id="12-1001" name="ReadMetadata" fullname="Wyam.Core.Tests.Modules.XmpFixture.ReadMetadata" methodname="ReadMetadata" classname="Wyam.Core.Tests.Modules.XmpFixture" runstate="Runnable" seed="798259755" result="Passed" start-time="2016-01-14 18:05:08Z" end-time="2016-01-14 18:05:08Z" duration="0.177835" asserts="2" />
              <test-case id="12-1002" name="SkipMissingMandetory" fullname="Wyam.Core.Tests.Modules.XmpFixture.SkipMissingMandetory" methodname="SkipMissingMandetory" classname="Wyam.Core.Tests.Modules.XmpFixture" runstate="Runnable" seed="1630670862" result="Passed" start-time="2016-01-14 18:05:08Z" end-time="2016-01-14 18:05:08Z" duration="0.010552" asserts="1" />
              <test-case id="12-1004" name="UsingNonDefaultNamespace" fullname="Wyam.Core.Tests.Modules.XmpFixture.UsingNonDefaultNamespace" methodname="UsingNonDefaultNamespace" classname="Wyam.Core.Tests.Modules.XmpFixture" runstate="Runnable" seed="277322916" result="Passed" start-time="2016-01-14 18:05:09Z" end-time="2016-01-14 18:05:09Z" duration="0.006734" asserts="2" />
            </test-suite>
          </test-suite>
        </test-suite>
      </test-suite>
    </test-suite>
  </test-suite>
  <test-suite type="Assembly" id="13-1004" name="Wyam.Modules.Yaml.Tests.dll" fullname="E:\Code\Wyam\src\Wyam.Modules.Yaml.Tests\bin\Release\Wyam.Modules.Yaml.Tests.dll" runstate="Runnable" testcasecount="3" result="Passed" start-time="2016-01-14 18:05:03Z" end-time="2016-01-14 18:05:11Z" duration="7.240007" total="3" passed="3" failed="0" inconclusive="0" skipped="0" asserts="9">
    <environment framework-version="3.0.5813.39031" clr-version="4.0.30319.42000" os-version="Microsoft Windows NT 6.1.7601 Service Pack 1" platform="Win32NT" cwd="E:\Code\Wyam" machine-name="SIPCXLT42" user="dglick" user-domain="SIPC" culture="en-US" uiculture="en-US" os-architecture="x64" />
    <settings>
      <setting name="WorkDirectory" value="E:\Code\Wyam" />
      <setting name="RuntimeFramework" value="net-4.0" />
      <setting name="NumberOfTestWorkers" value="4" />
    </settings>
    <properties>
      <property name="_PID" value="17628" />
      <property name="_APPDOMAIN" value="test-domain-Wyam.Modules.Yaml.Tests.dll" />
    </properties>
    <test-suite type="TestSuite" id="13-1005" name="Wyam" fullname="Wyam" runstate="Runnable" testcasecount="3" result="Passed" start-time="2016-01-14 18:05:04Z" end-time="2016-01-14 18:05:11Z" duration="7.200585" total="3" passed="3" failed="0" inconclusive="0" skipped="0" asserts="9">
      <test-suite type="TestSuite" id="13-1006" name="Modules" fullname="Wyam.Modules" runstate="Runnable" testcasecount="3" result="Passed" start-time="2016-01-14 18:05:04Z" end-time="2016-01-14 18:05:11Z" duration="7.199098" total="3" passed="3" failed="0" inconclusive="0" skipped="0" asserts="9">
        <test-suite type="TestSuite" id="13-1007" name="Yaml" fullname="Wyam.Modules.Yaml" runstate="Runnable" testcasecount="3" result="Passed" start-time="2016-01-14 18:05:04Z" end-time="2016-01-14 18:05:11Z" duration="7.198666" total="3" passed="3" failed="0" inconclusive="0" skipped="0" asserts="9">
          <test-suite type="TestSuite" id="13-1008" name="Tests" fullname="Wyam.Modules.Yaml.Tests" runstate="Runnable" testcasecount="3" result="Passed" start-time="2016-01-14 18:05:04Z" end-time="2016-01-14 18:05:11Z" duration="7.197541" total="3" passed="3" failed="0" inconclusive="0" skipped="0" asserts="9">
            <test-suite type="TestFixture" id="13-1000" name="YamlFixture" fullname="Wyam.Modules.Yaml.Tests.YamlFixture" classname="Wyam.Modules.Yaml.Tests.YamlFixture" runstate="Runnable" testcasecount="3" result="Passed" start-time="2016-01-14 18:05:04Z" end-time="2016-01-14 18:05:11Z" duration="6.813553" total="3" passed="3" failed="0" inconclusive="0" skipped="0" asserts="9">
              <properties>
                <property name="ParallelScope" value="Self, Children" />
              </properties>
              <test-case id="13-1003" name="FlattensTopLevelScalarNodes" fullname="Wyam.Modules.Yaml.Tests.YamlFixture.FlattensTopLevelScalarNodes" methodname="FlattensTopLevelScalarNodes" classname="Wyam.Modules.Yaml.Tests.YamlFixture" runstate="Runnable" seed="993609143" result="Passed" start-time="2016-01-14 18:05:04Z" end-time="2016-01-14 18:05:07Z" duration="3.491418" asserts="4" />
              <test-case id="13-1002" name="GeneratesDynamicObject" fullname="Wyam.Modules.Yaml.Tests.YamlFixture.GeneratesDynamicObject" methodname="GeneratesDynamicObject" classname="Wyam.Modules.Yaml.Tests.YamlFixture" runstate="Runnable" seed="1630670862" result="Passed" start-time="2016-01-14 18:05:08Z" end-time="2016-01-14 18:05:11Z" duration="3.037629" asserts="5" />
              <test-case id="13-1001" name="SetsMetadataKey" fullname="Wyam.Modules.Yaml.Tests.YamlFixture.SetsMetadataKey" methodname="SetsMetadataKey" classname="Wyam.Modules.Yaml.Tests.YamlFixture" runstate="Runnable" seed="798259755" result="Passed" start-time="2016-01-14 18:05:11Z" end-time="2016-01-14 18:05:11Z" duration="0.064974" asserts="0" />
            </test-suite>
          </test-suite>
        </test-suite>
      </test-suite>
    </test-suite>
  </test-suite>
</test-run>